2014/11/13 06:29:49 [error] [php] Undefined variable: model2 (C:\xampp\htdocs\RRHH\protected\views\liquidacion\_form.php:20)
Stack trace:
#0 C:\xampp\htdocs\yii\framework\web\CController.php(869): LiquidacionController->renderFile()
#1 C:\xampp\htdocs\RRHH\protected\views\liquidacion\create.php(18): LiquidacionController->renderPartial()
#2 C:\xampp\htdocs\yii\framework\web\CBaseController.php(126): require()
#3 C:\xampp\htdocs\yii\framework\web\CBaseController.php(95): LiquidacionController->renderInternal()
#4 C:\xampp\htdocs\yii\framework\web\CController.php(869): LiquidacionController->renderFile()
#5 C:\xampp\htdocs\yii\framework\web\CController.php(782): LiquidacionController->renderPartial()
#6 C:\xampp\htdocs\RRHH\protected\controllers\LiquidacionController.php(81): LiquidacionController->render()
#7 C:\xampp\htdocs\yii\framework\web\actions\CInlineAction.php(49): LiquidacionController->actionCreate()
#8 C:\xampp\htdocs\yii\framework\web\CController.php(308): CInlineAction->runWithParams()
#9 C:\xampp\htdocs\yii\framework\web\filters\CFilterChain.php(133): LiquidacionController->runAction()
#10 C:\xampp\htdocs\yii\framework\web\filters\CFilter.php(40): CFilterChain->run()
#11 C:\xampp\htdocs\yii\framework\web\CController.php(1145): CAccessControlFilter->filter()
#12 C:\xampp\htdocs\yii\framework\web\filters\CInlineFilter.php(58): LiquidacionController->filterAccessControl()
#13 C:\xampp\htdocs\yii\framework\web\filters\CFilterChain.php(130): CInlineFilter->filter()
#14 C:\xampp\htdocs\yii\framework\web\CController.php(291): CFilterChain->run()
#15 C:\xampp\htdocs\yii\framework\web\CController.php(265): LiquidacionController->runActionWithFilters()
#16 C:\xampp\htdocs\yii\framework\web\CWebApplication.php(282): LiquidacionController->run()
#17 C:\xampp\htdocs\yii\framework\web\CWebApplication.php(141): CWebApplication->runController()
#18 C:\xampp\htdocs\yii\framework\base\CApplication.php(180): CWebApplication->processRequest()
#19 C:\xampp\htdocs\RRHH\index.php(13): CWebApplication->run()
REQUEST_URI=/RRHH/liquidacion/create
in C:\xampp\htdocs\RRHH\protected\views\liquidacion\_form.php (20)
in C:\xampp\htdocs\RRHH\protected\views\liquidacion\create.php (18)
in C:\xampp\htdocs\RRHH\protected\controllers\LiquidacionController.php (81)
2014/11/13 06:31:36 [error] [exception.CException] exception 'CException' with message 'Property "Empleado.AFP_idAFP" is not defined.' in C:\xampp\htdocs\yii\framework\base\CComponent.php:130
Stack trace:
#0 C:\xampp\htdocs\yii\framework\db\ar\CActiveRecord.php(145): CComponent->__get('AFP_idAFP')
#1 C:\xampp\htdocs\yii\framework\web\helpers\CHtml.php(2529): CActiveRecord->__get('AFP_idAFP')
#2 C:\xampp\htdocs\yii\framework\web\helpers\CHtml.php(2252): CHtml::resolveValue(Object(Empleado), 'AFP_idAFP')
#3 C:\xampp\htdocs\yii\framework\web\helpers\CHtml.php(1434): CHtml::activeInputField('text', Object(Empleado), 'AFP_idAFP', Array)
#4 C:\xampp\htdocs\yii\framework\web\widgets\CActiveForm.php(725): CHtml::activeTextField(Object(Empleado), 'AFP_idAFP', Array)
#5 C:\xampp\htdocs\RRHH\protected\views\liquidacion\_form.php(90): CActiveForm->textField(Object(Empleado), 'AFP_idAFP')
#6 C:\xampp\htdocs\yii\framework\web\CBaseController.php(126): require('C:\\xampp\\htdocs...')
#7 C:\xampp\htdocs\yii\framework\web\CBaseController.php(95): CBaseController->renderInternal('C:\\xampp\\htdocs...', Array, true)
#8 C:\xampp\htdocs\yii\framework\web\CController.php(869): CBaseController->renderFile('C:\\xampp\\htdocs...', Array, true)
#9 C:\xampp\htdocs\RRHH\protected\views\liquidacion\create.php(22): CController->renderPartial('_form', Array)
#10 C:\xampp\htdocs\yii\framework\web\CBaseController.php(126): require('C:\\xampp\\htdocs...')
#11 C:\xampp\htdocs\yii\framework\web\CBaseController.php(95): CBaseController->renderInternal('C:\\xampp\\htdocs...', Array, true)
#12 C:\xampp\htdocs\yii\framework\web\CController.php(869): CBaseController->renderFile('C:\\xampp\\htdocs...', Array, true)
#13 C:\xampp\htdocs\yii\framework\web\CController.php(782): CController->renderPartial('create', Array, true)
#14 C:\xampp\htdocs\RRHH\protected\controllers\LiquidacionController.php(81): CController->render('create', Array)
#15 C:\xampp\htdocs\yii\framework\web\actions\CInlineAction.php(49): LiquidacionController->actionCreate()
#16 C:\xampp\htdocs\yii\framework\web\CController.php(308): CInlineAction->runWithParams(Array)
#17 C:\xampp\htdocs\yii\framework\web\filters\CFilterChain.php(133): CController->runAction(Object(CInlineAction))
#18 C:\xampp\htdocs\yii\framework\web\filters\CFilter.php(40): CFilterChain->run()
#19 C:\xampp\htdocs\yii\framework\web\CController.php(1145): CFilter->filter(Object(CFilterChain))
#20 C:\xampp\htdocs\yii\framework\web\filters\CInlineFilter.php(58): CController->filterAccessControl(Object(CFilterChain))
#21 C:\xampp\htdocs\yii\framework\web\filters\CFilterChain.php(130): CInlineFilter->filter(Object(CFilterChain))
#22 C:\xampp\htdocs\yii\framework\web\CController.php(291): CFilterChain->run()
#23 C:\xampp\htdocs\yii\framework\web\CController.php(265): CController->runActionWithFilters(Object(CInlineAction), Array)
#24 C:\xampp\htdocs\yii\framework\web\CWebApplication.php(282): CController->run('create')
#25 C:\xampp\htdocs\yii\framework\web\CWebApplication.php(141): CWebApplication->runController('liquidacion/cre...')
#26 C:\xampp\htdocs\yii\framework\base\CApplication.php(180): CWebApplication->processRequest()
#27 C:\xampp\htdocs\RRHH\index.php(13): CApplication->run()
#28 {main}
REQUEST_URI=/RRHH/liquidacion/create
HTTP_REFERER=http://localhost/RRHH/liquidacion
---
2014/11/13 06:33:28 [error] [exception.CException] exception 'CException' with message 'Property "Empleado.idAFP" is not defined.' in C:\xampp\htdocs\yii\framework\base\CComponent.php:130
Stack trace:
#0 C:\xampp\htdocs\yii\framework\db\ar\CActiveRecord.php(145): CComponent->__get('idAFP')
#1 C:\xampp\htdocs\yii\framework\web\helpers\CHtml.php(2529): CActiveRecord->__get('idAFP')
#2 C:\xampp\htdocs\yii\framework\web\helpers\CHtml.php(2252): CHtml::resolveValue(Object(Empleado), 'idAFP')
#3 C:\xampp\htdocs\yii\framework\web\helpers\CHtml.php(1434): CHtml::activeInputField('text', Object(Empleado), 'idAFP', Array)
#4 C:\xampp\htdocs\yii\framework\web\widgets\CActiveForm.php(725): CHtml::activeTextField(Object(Empleado), 'idAFP', Array)
#5 C:\xampp\htdocs\RRHH\protected\views\liquidacion\_form.php(90): CActiveForm->textField(Object(Empleado), 'idAFP')
#6 C:\xampp\htdocs\yii\framework\web\CBaseController.php(126): require('C:\\xampp\\htdocs...')
#7 C:\xampp\htdocs\yii\framework\web\CBaseController.php(95): CBaseController->renderInternal('C:\\xampp\\htdocs...', Array, true)
#8 C:\xampp\htdocs\yii\framework\web\CController.php(869): CBaseController->renderFile('C:\\xampp\\htdocs...', Array, true)
#9 C:\xampp\htdocs\RRHH\protected\views\liquidacion\create.php(22): CController->renderPartial('_form', Array)
#10 C:\xampp\htdocs\yii\framework\web\CBaseController.php(126): require('C:\\xampp\\htdocs...')
#11 C:\xampp\htdocs\yii\framework\web\CBaseController.php(95): CBaseController->renderInternal('C:\\xampp\\htdocs...', Array, true)
#12 C:\xampp\htdocs\yii\framework\web\CController.php(869): CBaseController->renderFile('C:\\xampp\\htdocs...', Array, true)
#13 C:\xampp\htdocs\yii\framework\web\CController.php(782): CController->renderPartial('create', Array, true)
#14 C:\xampp\htdocs\RRHH\protected\controllers\LiquidacionController.php(81): CController->render('create', Array)
#15 C:\xampp\htdocs\yii\framework\web\actions\CInlineAction.php(49): LiquidacionController->actionCreate()
#16 C:\xampp\htdocs\yii\framework\web\CController.php(308): CInlineAction->runWithParams(Array)
#17 C:\xampp\htdocs\yii\framework\web\filters\CFilterChain.php(133): CController->runAction(Object(CInlineAction))
#18 C:\xampp\htdocs\yii\framework\web\filters\CFilter.php(40): CFilterChain->run()
#19 C:\xampp\htdocs\yii\framework\web\CController.php(1145): CFilter->filter(Object(CFilterChain))
#20 C:\xampp\htdocs\yii\framework\web\filters\CInlineFilter.php(58): CController->filterAccessControl(Object(CFilterChain))
#21 C:\xampp\htdocs\yii\framework\web\filters\CFilterChain.php(130): CInlineFilter->filter(Object(CFilterChain))
#22 C:\xampp\htdocs\yii\framework\web\CController.php(291): CFilterChain->run()
#23 C:\xampp\htdocs\yii\framework\web\CController.php(265): CController->runActionWithFilters(Object(CInlineAction), Array)
#24 C:\xampp\htdocs\yii\framework\web\CWebApplication.php(282): CController->run('create')
#25 C:\xampp\htdocs\yii\framework\web\CWebApplication.php(141): CWebApplication->runController('liquidacion/cre...')
#26 C:\xampp\htdocs\yii\framework\base\CApplication.php(180): CWebApplication->processRequest()
#27 C:\xampp\htdocs\RRHH\index.php(13): CApplication->run()
#28 {main}
REQUEST_URI=/RRHH/liquidacion/create
HTTP_REFERER=http://localhost/RRHH/liquidacion
---
2014/11/13 06:34:23 [error] [exception.CException] exception 'CException' with message 'Property "Empleado.idSalud" is not defined.' in C:\xampp\htdocs\yii\framework\base\CComponent.php:130
Stack trace:
#0 C:\xampp\htdocs\yii\framework\db\ar\CActiveRecord.php(145): CComponent->__get('idSalud')
#1 C:\xampp\htdocs\yii\framework\web\helpers\CHtml.php(2529): CActiveRecord->__get('idSalud')
#2 C:\xampp\htdocs\yii\framework\web\helpers\CHtml.php(2252): CHtml::resolveValue(Object(Empleado), 'idSalud')
#3 C:\xampp\htdocs\yii\framework\web\helpers\CHtml.php(1434): CHtml::activeInputField('text', Object(Empleado), 'idSalud', Array)
#4 C:\xampp\htdocs\yii\framework\web\widgets\CActiveForm.php(725): CHtml::activeTextField(Object(Empleado), 'idSalud', Array)
#5 C:\xampp\htdocs\RRHH\protected\views\liquidacion\_form.php(96): CActiveForm->textField(Object(Empleado), 'idSalud')
#6 C:\xampp\htdocs\yii\framework\web\CBaseController.php(126): require('C:\\xampp\\htdocs...')
#7 C:\xampp\htdocs\yii\framework\web\CBaseController.php(95): CBaseController->renderInternal('C:\\xampp\\htdocs...', Array, true)
#8 C:\xampp\htdocs\yii\framework\web\CController.php(869): CBaseController->renderFile('C:\\xampp\\htdocs...', Array, true)
#9 C:\xampp\htdocs\RRHH\protected\views\liquidacion\create.php(22): CController->renderPartial('_form', Array)
#10 C:\xampp\htdocs\yii\framework\web\CBaseController.php(126): require('C:\\xampp\\htdocs...')
#11 C:\xampp\htdocs\yii\framework\web\CBaseController.php(95): CBaseController->renderInternal('C:\\xampp\\htdocs...', Array, true)
#12 C:\xampp\htdocs\yii\framework\web\CController.php(869): CBaseController->renderFile('C:\\xampp\\htdocs...', Array, true)
#13 C:\xampp\htdocs\yii\framework\web\CController.php(782): CController->renderPartial('create', Array, true)
#14 C:\xampp\htdocs\RRHH\protected\controllers\LiquidacionController.php(81): CController->render('create', Array)
#15 C:\xampp\htdocs\yii\framework\web\actions\CInlineAction.php(49): LiquidacionController->actionCreate()
#16 C:\xampp\htdocs\yii\framework\web\CController.php(308): CInlineAction->runWithParams(Array)
#17 C:\xampp\htdocs\yii\framework\web\filters\CFilterChain.php(133): CController->runAction(Object(CInlineAction))
#18 C:\xampp\htdocs\yii\framework\web\filters\CFilter.php(40): CFilterChain->run()
#19 C:\xampp\htdocs\yii\framework\web\CController.php(1145): CFilter->filter(Object(CFilterChain))
#20 C:\xampp\htdocs\yii\framework\web\filters\CInlineFilter.php(58): CController->filterAccessControl(Object(CFilterChain))
#21 C:\xampp\htdocs\yii\framework\web\filters\CFilterChain.php(130): CInlineFilter->filter(Object(CFilterChain))
#22 C:\xampp\htdocs\yii\framework\web\CController.php(291): CFilterChain->run()
#23 C:\xampp\htdocs\yii\framework\web\CController.php(265): CController->runActionWithFilters(Object(CInlineAction), Array)
#24 C:\xampp\htdocs\yii\framework\web\CWebApplication.php(282): CController->run('create')
#25 C:\xampp\htdocs\yii\framework\web\CWebApplication.php(141): CWebApplication->runController('liquidacion/cre...')
#26 C:\xampp\htdocs\yii\framework\base\CApplication.php(180): CWebApplication->processRequest()
#27 C:\xampp\htdocs\RRHH\index.php(13): CApplication->run()
#28 {main}
REQUEST_URI=/RRHH/liquidacion/create
HTTP_REFERER=http://localhost/RRHH/liquidacion
---
2014/11/13 06:40:26 [error] [php] Undefined variable: dataProvider (C:\xampp\htdocs\RRHH\protected\views\liquidacion\_form.php:104)
Stack trace:
#0 C:\xampp\htdocs\yii\framework\web\CController.php(869): LiquidacionController->renderFile()
#1 C:\xampp\htdocs\RRHH\protected\views\liquidacion\create.php(22): LiquidacionController->renderPartial()
#2 C:\xampp\htdocs\yii\framework\web\CBaseController.php(126): require()
#3 C:\xampp\htdocs\yii\framework\web\CBaseController.php(95): LiquidacionController->renderInternal()
#4 C:\xampp\htdocs\yii\framework\web\CController.php(869): LiquidacionController->renderFile()
#5 C:\xampp\htdocs\yii\framework\web\CController.php(782): LiquidacionController->renderPartial()
#6 C:\xampp\htdocs\RRHH\protected\controllers\LiquidacionController.php(84): LiquidacionController->render()
#7 C:\xampp\htdocs\yii\framework\web\actions\CInlineAction.php(49): LiquidacionController->actionCreate()
#8 C:\xampp\htdocs\yii\framework\web\CController.php(308): CInlineAction->runWithParams()
#9 C:\xampp\htdocs\yii\framework\web\filters\CFilterChain.php(133): LiquidacionController->runAction()
#10 C:\xampp\htdocs\yii\framework\web\filters\CFilter.php(40): CFilterChain->run()
#11 C:\xampp\htdocs\yii\framework\web\CController.php(1145): CAccessControlFilter->filter()
#12 C:\xampp\htdocs\yii\framework\web\filters\CInlineFilter.php(58): LiquidacionController->filterAccessControl()
#13 C:\xampp\htdocs\yii\framework\web\filters\CFilterChain.php(130): CInlineFilter->filter()
#14 C:\xampp\htdocs\yii\framework\web\CController.php(291): CFilterChain->run()
#15 C:\xampp\htdocs\yii\framework\web\CController.php(265): LiquidacionController->runActionWithFilters()
#16 C:\xampp\htdocs\yii\framework\web\CWebApplication.php(282): LiquidacionController->run()
#17 C:\xampp\htdocs\yii\framework\web\CWebApplication.php(141): CWebApplication->runController()
#18 C:\xampp\htdocs\yii\framework\base\CApplication.php(180): CWebApplication->processRequest()
#19 C:\xampp\htdocs\RRHH\index.php(13): CWebApplication->run()
REQUEST_URI=/RRHH/liquidacion/create
in C:\xampp\htdocs\RRHH\protected\views\liquidacion\_form.php (104)
in C:\xampp\htdocs\RRHH\protected\views\liquidacion\create.php (22)
in C:\xampp\htdocs\RRHH\protected\controllers\LiquidacionController.php (84)
2014/11/13 19:00:47 [error] [exception.CException] exception 'CException' with message 'CActiveForm and its behaviors do not have a method or closure named "dropDownListh".' in C:\xampp\htdocs\yii\framework\base\CComponent.php:266
Stack trace:
#0 C:\xampp\htdocs\RRHH\protected\views\liquidacion\_form.php(48): CComponent->__call('dropDownListh', Array)
#1 C:\xampp\htdocs\RRHH\protected\views\liquidacion\_form.php(48): CActiveForm->dropDownListh(Object(Afp), 'idAFP', Array, Array)
#2 C:\xampp\htdocs\yii\framework\web\CBaseController.php(126): require('C:\\xampp\\htdocs...')
#3 C:\xampp\htdocs\yii\framework\web\CBaseController.php(95): CBaseController->renderInternal('C:\\xampp\\htdocs...', Array, true)
#4 C:\xampp\htdocs\yii\framework\web\CController.php(869): CBaseController->renderFile('C:\\xampp\\htdocs...', Array, true)
#5 C:\xampp\htdocs\RRHH\protected\views\liquidacion\create.php(22): CController->renderPartial('_form', Array)
#6 C:\xampp\htdocs\yii\framework\web\CBaseController.php(126): require('C:\\xampp\\htdocs...')
#7 C:\xampp\htdocs\yii\framework\web\CBaseController.php(95): CBaseController->renderInternal('C:\\xampp\\htdocs...', Array, true)
#8 C:\xampp\htdocs\yii\framework\web\CController.php(869): CBaseController->renderFile('C:\\xampp\\htdocs...', Array, true)
#9 C:\xampp\htdocs\yii\framework\web\CController.php(782): CController->renderPartial('create', Array, true)
#10 C:\xampp\htdocs\RRHH\protected\controllers\LiquidacionController.php(84): CController->render('create', Array)
#11 C:\xampp\htdocs\yii\framework\web\actions\CInlineAction.php(49): LiquidacionController->actionCreate()
#12 C:\xampp\htdocs\yii\framework\web\CController.php(308): CInlineAction->runWithParams(Array)
#13 C:\xampp\htdocs\yii\framework\web\filters\CFilterChain.php(133): CController->runAction(Object(CInlineAction))
#14 C:\xampp\htdocs\yii\framework\web\filters\CFilter.php(40): CFilterChain->run()
#15 C:\xampp\htdocs\yii\framework\web\CController.php(1145): CFilter->filter(Object(CFilterChain))
#16 C:\xampp\htdocs\yii\framework\web\filters\CInlineFilter.php(58): CController->filterAccessControl(Object(CFilterChain))
#17 C:\xampp\htdocs\yii\framework\web\filters\CFilterChain.php(130): CInlineFilter->filter(Object(CFilterChain))
#18 C:\xampp\htdocs\yii\framework\web\CController.php(291): CFilterChain->run()
#19 C:\xampp\htdocs\yii\framework\web\CController.php(265): CController->runActionWithFilters(Object(CInlineAction), Array)
#20 C:\xampp\htdocs\yii\framework\web\CWebApplication.php(282): CController->run('create')
#21 C:\xampp\htdocs\yii\framework\web\CWebApplication.php(141): CWebApplication->runController('liquidacion/cre...')
#22 C:\xampp\htdocs\yii\framework\base\CApplication.php(180): CWebApplication->processRequest()
#23 C:\xampp\htdocs\RRHH\index.php(13): CApplication->run()
#24 {main}
REQUEST_URI=/RRHH/liquidacion/create
HTTP_REFERER=http://localhost/RRHH/liquidacion
---
2014/11/13 19:05:37 [error] [exception.CException] exception 'CException' with message 'Property "Afp.idAfp" is not defined.' in C:\xampp\htdocs\yii\framework\base\CComponent.php:130
Stack trace:
#0 C:\xampp\htdocs\yii\framework\db\ar\CActiveRecord.php(145): CComponent->__get('idAfp')
#1 C:\xampp\htdocs\yii\framework\web\helpers\CHtml.php(2529): CActiveRecord->__get('idAfp')
#2 C:\xampp\htdocs\yii\framework\web\helpers\CHtml.php(1802): CHtml::resolveValue(Object(Afp), 'idAfp')
#3 C:\xampp\htdocs\yii\framework\web\widgets\CActiveForm.php(847): CHtml::activeDropDownList(Object(Afp), 'idAfp', Array, Array)
#4 C:\xampp\htdocs\RRHH\protected\views\liquidacion\_form.php(42): CActiveForm->dropDownList(Object(Afp), 'idAfp', Array, Array)
#5 C:\xampp\htdocs\yii\framework\web\CBaseController.php(126): require('C:\\xampp\\htdocs...')
#6 C:\xampp\htdocs\yii\framework\web\CBaseController.php(95): CBaseController->renderInternal('C:\\xampp\\htdocs...', Array, true)
#7 C:\xampp\htdocs\yii\framework\web\CController.php(869): CBaseController->renderFile('C:\\xampp\\htdocs...', Array, true)
#8 C:\xampp\htdocs\RRHH\protected\views\liquidacion\create.php(22): CController->renderPartial('_form', Array)
#9 C:\xampp\htdocs\yii\framework\web\CBaseController.php(126): require('C:\\xampp\\htdocs...')
#10 C:\xampp\htdocs\yii\framework\web\CBaseController.php(95): CBaseController->renderInternal('C:\\xampp\\htdocs...', Array, true)
#11 C:\xampp\htdocs\yii\framework\web\CController.php(869): CBaseController->renderFile('C:\\xampp\\htdocs...', Array, true)
#12 C:\xampp\htdocs\yii\framework\web\CController.php(782): CController->renderPartial('create', Array, true)
#13 C:\xampp\htdocs\RRHH\protected\controllers\LiquidacionController.php(84): CController->render('create', Array)
#14 C:\xampp\htdocs\yii\framework\web\actions\CInlineAction.php(49): LiquidacionController->actionCreate()
#15 C:\xampp\htdocs\yii\framework\web\CController.php(308): CInlineAction->runWithParams(Array)
#16 C:\xampp\htdocs\yii\framework\web\filters\CFilterChain.php(133): CController->runAction(Object(CInlineAction))
#17 C:\xampp\htdocs\yii\framework\web\filters\CFilter.php(40): CFilterChain->run()
#18 C:\xampp\htdocs\yii\framework\web\CController.php(1145): CFilter->filter(Object(CFilterChain))
#19 C:\xampp\htdocs\yii\framework\web\filters\CInlineFilter.php(58): CController->filterAccessControl(Object(CFilterChain))
#20 C:\xampp\htdocs\yii\framework\web\filters\CFilterChain.php(130): CInlineFilter->filter(Object(CFilterChain))
#21 C:\xampp\htdocs\yii\framework\web\CController.php(291): CFilterChain->run()
#22 C:\xampp\htdocs\yii\framework\web\CController.php(265): CController->runActionWithFilters(Object(CInlineAction), Array)
#23 C:\xampp\htdocs\yii\framework\web\CWebApplication.php(282): CController->run('create')
#24 C:\xampp\htdocs\yii\framework\web\CWebApplication.php(141): CWebApplication->runController('liquidacion/cre...')
#25 C:\xampp\htdocs\yii\framework\base\CApplication.php(180): CWebApplication->processRequest()
#26 C:\xampp\htdocs\RRHH\index.php(13): CApplication->run()
#27 {main}
REQUEST_URI=/RRHH/liquidacion/create
HTTP_REFERER=http://localhost/RRHH/liquidacion
---
2014/11/13 19:06:19 [error] [exception.CException] exception 'CException' with message 'Property "Afp.idAfp" is not defined.' in C:\xampp\htdocs\yii\framework\base\CComponent.php:130
Stack trace:
#0 C:\xampp\htdocs\yii\framework\db\ar\CActiveRecord.php(145): CComponent->__get('idAfp')
#1 C:\xampp\htdocs\yii\framework\web\helpers\CHtml.php(2529): CActiveRecord->__get('idAfp')
#2 C:\xampp\htdocs\yii\framework\web\helpers\CHtml.php(1802): CHtml::resolveValue(Object(Afp), 'idAfp')
#3 C:\xampp\htdocs\yii\framework\web\widgets\CActiveForm.php(847): CHtml::activeDropDownList(Object(Afp), 'idAfp', Array, Array)
#4 C:\xampp\htdocs\RRHH\protected\views\liquidacion\_form.php(42): CActiveForm->dropDownList(Object(Afp), 'idAfp', Array, Array)
#5 C:\xampp\htdocs\yii\framework\web\CBaseController.php(126): require('C:\\xampp\\htdocs...')
#6 C:\xampp\htdocs\yii\framework\web\CBaseController.php(95): CBaseController->renderInternal('C:\\xampp\\htdocs...', Array, true)
#7 C:\xampp\htdocs\yii\framework\web\CController.php(869): CBaseController->renderFile('C:\\xampp\\htdocs...', Array, true)
#8 C:\xampp\htdocs\RRHH\protected\views\liquidacion\create.php(22): CController->renderPartial('_form', Array)
#9 C:\xampp\htdocs\yii\framework\web\CBaseController.php(126): require('C:\\xampp\\htdocs...')
#10 C:\xampp\htdocs\yii\framework\web\CBaseController.php(95): CBaseController->renderInternal('C:\\xampp\\htdocs...', Array, true)
#11 C:\xampp\htdocs\yii\framework\web\CController.php(869): CBaseController->renderFile('C:\\xampp\\htdocs...', Array, true)
#12 C:\xampp\htdocs\yii\framework\web\CController.php(782): CController->renderPartial('create', Array, true)
#13 C:\xampp\htdocs\RRHH\protected\controllers\LiquidacionController.php(84): CController->render('create', Array)
#14 C:\xampp\htdocs\yii\framework\web\actions\CInlineAction.php(49): LiquidacionController->actionCreate()
#15 C:\xampp\htdocs\yii\framework\web\CController.php(308): CInlineAction->runWithParams(Array)
#16 C:\xampp\htdocs\yii\framework\web\filters\CFilterChain.php(133): CController->runAction(Object(CInlineAction))
#17 C:\xampp\htdocs\yii\framework\web\filters\CFilter.php(40): CFilterChain->run()
#18 C:\xampp\htdocs\yii\framework\web\CController.php(1145): CFilter->filter(Object(CFilterChain))
#19 C:\xampp\htdocs\yii\framework\web\filters\CInlineFilter.php(58): CController->filterAccessControl(Object(CFilterChain))
#20 C:\xampp\htdocs\yii\framework\web\filters\CFilterChain.php(130): CInlineFilter->filter(Object(CFilterChain))
#21 C:\xampp\htdocs\yii\framework\web\CController.php(291): CFilterChain->run()
#22 C:\xampp\htdocs\yii\framework\web\CController.php(265): CController->runActionWithFilters(Object(CInlineAction), Array)
#23 C:\xampp\htdocs\yii\framework\web\CWebApplication.php(282): CController->run('create')
#24 C:\xampp\htdocs\yii\framework\web\CWebApplication.php(141): CWebApplication->runController('liquidacion/cre...')
#25 C:\xampp\htdocs\yii\framework\base\CApplication.php(180): CWebApplication->processRequest()
#26 C:\xampp\htdocs\RRHH\index.php(13): CApplication->run()
#27 {main}
REQUEST_URI=/RRHH/liquidacion/create
HTTP_REFERER=http://localhost/RRHH/liquidacion
---
2014/11/13 19:12:04 [error] [php] Undefined variable: modelAfp (C:\xampp\htdocs\RRHH\protected\views\liquidacion\create.php:19)
Stack trace:
#0 C:\xampp\htdocs\yii\framework\web\CController.php(869): LiquidacionController->renderFile()
#1 C:\xampp\htdocs\yii\framework\web\CController.php(782): LiquidacionController->renderPartial()
#2 C:\xampp\htdocs\RRHH\protected\controllers\LiquidacionController.php(84): LiquidacionController->render()
#3 C:\xampp\htdocs\yii\framework\web\actions\CInlineAction.php(49): LiquidacionController->actionCreate()
#4 C:\xampp\htdocs\yii\framework\web\CController.php(308): CInlineAction->runWithParams()
#5 C:\xampp\htdocs\yii\framework\web\filters\CFilterChain.php(133): LiquidacionController->runAction()
#6 C:\xampp\htdocs\yii\framework\web\filters\CFilter.php(40): CFilterChain->run()
#7 C:\xampp\htdocs\yii\framework\web\CController.php(1145): CAccessControlFilter->filter()
#8 C:\xampp\htdocs\yii\framework\web\filters\CInlineFilter.php(58): LiquidacionController->filterAccessControl()
#9 C:\xampp\htdocs\yii\framework\web\filters\CFilterChain.php(130): CInlineFilter->filter()
#10 C:\xampp\htdocs\yii\framework\web\CController.php(291): CFilterChain->run()
#11 C:\xampp\htdocs\yii\framework\web\CController.php(265): LiquidacionController->runActionWithFilters()
#12 C:\xampp\htdocs\yii\framework\web\CWebApplication.php(282): LiquidacionController->run()
#13 C:\xampp\htdocs\yii\framework\web\CWebApplication.php(141): CWebApplication->runController()
#14 C:\xampp\htdocs\yii\framework\base\CApplication.php(180): CWebApplication->processRequest()
#15 C:\xampp\htdocs\RRHH\index.php(13): CWebApplication->run()
REQUEST_URI=/RRHH/liquidacion/create
in C:\xampp\htdocs\RRHH\protected\views\liquidacion\create.php (19)
in C:\xampp\htdocs\RRHH\protected\controllers\LiquidacionController.php (84)
in C:\xampp\htdocs\RRHH\index.php (13)
2014/11/13 19:12:48 [error] [php] Undefined variable: modelAfp (C:\xampp\htdocs\RRHH\protected\views\liquidacion\create.php:19)
Stack trace:
#0 C:\xampp\htdocs\yii\framework\web\CController.php(869): LiquidacionController->renderFile()
#1 C:\xampp\htdocs\yii\framework\web\CController.php(782): LiquidacionController->renderPartial()
#2 C:\xampp\htdocs\RRHH\protected\controllers\LiquidacionController.php(84): LiquidacionController->render()
#3 C:\xampp\htdocs\yii\framework\web\actions\CInlineAction.php(49): LiquidacionController->actionCreate()
#4 C:\xampp\htdocs\yii\framework\web\CController.php(308): CInlineAction->runWithParams()
#5 C:\xampp\htdocs\yii\framework\web\filters\CFilterChain.php(133): LiquidacionController->runAction()
#6 C:\xampp\htdocs\yii\framework\web\filters\CFilter.php(40): CFilterChain->run()
#7 C:\xampp\htdocs\yii\framework\web\CController.php(1145): CAccessControlFilter->filter()
#8 C:\xampp\htdocs\yii\framework\web\filters\CInlineFilter.php(58): LiquidacionController->filterAccessControl()
#9 C:\xampp\htdocs\yii\framework\web\filters\CFilterChain.php(130): CInlineFilter->filter()
#10 C:\xampp\htdocs\yii\framework\web\CController.php(291): CFilterChain->run()
#11 C:\xampp\htdocs\yii\framework\web\CController.php(265): LiquidacionController->runActionWithFilters()
#12 C:\xampp\htdocs\yii\framework\web\CWebApplication.php(282): LiquidacionController->run()
#13 C:\xampp\htdocs\yii\framework\web\CWebApplication.php(141): CWebApplication->runController()
#14 C:\xampp\htdocs\yii\framework\base\CApplication.php(180): CWebApplication->processRequest()
#15 C:\xampp\htdocs\RRHH\index.php(13): CWebApplication->run()
REQUEST_URI=/RRHH/liquidacion/create
in C:\xampp\htdocs\RRHH\protected\views\liquidacion\create.php (19)
in C:\xampp\htdocs\RRHH\protected\controllers\LiquidacionController.php (84)
in C:\xampp\htdocs\RRHH\index.php (13)
2014/11/13 19:13:34 [error] [exception.CException] exception 'CException' with message 'Property "Afp.idAfp" is not defined.' in C:\xampp\htdocs\yii\framework\base\CComponent.php:130
Stack trace:
#0 C:\xampp\htdocs\yii\framework\db\ar\CActiveRecord.php(145): CComponent->__get('idAfp')
#1 C:\xampp\htdocs\yii\framework\web\helpers\CHtml.php(2529): CActiveRecord->__get('idAfp')
#2 C:\xampp\htdocs\yii\framework\web\helpers\CHtml.php(1802): CHtml::resolveValue(Object(Afp), 'idAfp')
#3 C:\xampp\htdocs\yii\framework\web\widgets\CActiveForm.php(847): CHtml::activeDropDownList(Object(Afp), 'idAfp', Array, Array)
#4 C:\xampp\htdocs\RRHH\protected\views\liquidacion\_form.php(42): CActiveForm->dropDownList(Object(Afp), 'idAfp', Array, Array)
#5 C:\xampp\htdocs\yii\framework\web\CBaseController.php(126): require('C:\\xampp\\htdocs...')
#6 C:\xampp\htdocs\yii\framework\web\CBaseController.php(95): CBaseController->renderInternal('C:\\xampp\\htdocs...', Array, true)
#7 C:\xampp\htdocs\yii\framework\web\CController.php(869): CBaseController->renderFile('C:\\xampp\\htdocs...', Array, true)
#8 C:\xampp\htdocs\RRHH\protected\views\liquidacion\create.php(22): CController->renderPartial('_form', Array)
#9 C:\xampp\htdocs\yii\framework\web\CBaseController.php(126): require('C:\\xampp\\htdocs...')
#10 C:\xampp\htdocs\yii\framework\web\CBaseController.php(95): CBaseController->renderInternal('C:\\xampp\\htdocs...', Array, true)
#11 C:\xampp\htdocs\yii\framework\web\CController.php(869): CBaseController->renderFile('C:\\xampp\\htdocs...', Array, true)
#12 C:\xampp\htdocs\yii\framework\web\CController.php(782): CController->renderPartial('create', Array, true)
#13 C:\xampp\htdocs\RRHH\protected\controllers\LiquidacionController.php(84): CController->render('create', Array)
#14 C:\xampp\htdocs\yii\framework\web\actions\CInlineAction.php(49): LiquidacionController->actionCreate()
#15 C:\xampp\htdocs\yii\framework\web\CController.php(308): CInlineAction->runWithParams(Array)
#16 C:\xampp\htdocs\yii\framework\web\filters\CFilterChain.php(133): CController->runAction(Object(CInlineAction))
#17 C:\xampp\htdocs\yii\framework\web\filters\CFilter.php(40): CFilterChain->run()
#18 C:\xampp\htdocs\yii\framework\web\CController.php(1145): CFilter->filter(Object(CFilterChain))
#19 C:\xampp\htdocs\yii\framework\web\filters\CInlineFilter.php(58): CController->filterAccessControl(Object(CFilterChain))
#20 C:\xampp\htdocs\yii\framework\web\filters\CFilterChain.php(130): CInlineFilter->filter(Object(CFilterChain))
#21 C:\xampp\htdocs\yii\framework\web\CController.php(291): CFilterChain->run()
#22 C:\xampp\htdocs\yii\framework\web\CController.php(265): CController->runActionWithFilters(Object(CInlineAction), Array)
#23 C:\xampp\htdocs\yii\framework\web\CWebApplication.php(282): CController->run('create')
#24 C:\xampp\htdocs\yii\framework\web\CWebApplication.php(141): CWebApplication->runController('liquidacion/cre...')
#25 C:\xampp\htdocs\yii\framework\base\CApplication.php(180): CWebApplication->processRequest()
#26 C:\xampp\htdocs\RRHH\index.php(13): CApplication->run()
#27 {main}
REQUEST_URI=/RRHH/liquidacion/create
HTTP_REFERER=http://localhost/RRHH/liquidacion
---
2014/11/13 19:21:21 [error] [exception.CException] exception 'CException' with message 'Property "Afp.idAfp" is not defined.' in C:\xampp\htdocs\yii\framework\base\CComponent.php:130
Stack trace:
#0 C:\xampp\htdocs\yii\framework\db\ar\CActiveRecord.php(145): CComponent->__get('idAfp')
#1 C:\xampp\htdocs\yii\framework\web\helpers\CHtml.php(2529): CActiveRecord->__get('idAfp')
#2 C:\xampp\htdocs\yii\framework\web\helpers\CHtml.php(1802): CHtml::resolveValue(Object(Afp), 'idAfp')
#3 C:\xampp\htdocs\yii\framework\web\widgets\CActiveForm.php(847): CHtml::activeDropDownList(Object(Afp), 'idAfp', Array, Array)
#4 C:\xampp\htdocs\RRHH\protected\views\liquidacion\_form.php(42): CActiveForm->dropDownList(Object(Afp), 'idAfp', Array, Array)
#5 C:\xampp\htdocs\yii\framework\web\CBaseController.php(126): require('C:\\xampp\\htdocs...')
#6 C:\xampp\htdocs\yii\framework\web\CBaseController.php(95): CBaseController->renderInternal('C:\\xampp\\htdocs...', Array, true)
#7 C:\xampp\htdocs\yii\framework\web\CController.php(869): CBaseController->renderFile('C:\\xampp\\htdocs...', Array, true)
#8 C:\xampp\htdocs\RRHH\protected\views\liquidacion\create.php(22): CController->renderPartial('_form', Array)
#9 C:\xampp\htdocs\yii\framework\web\CBaseController.php(126): require('C:\\xampp\\htdocs...')
#10 C:\xampp\htdocs\yii\framework\web\CBaseController.php(95): CBaseController->renderInternal('C:\\xampp\\htdocs...', Array, true)
#11 C:\xampp\htdocs\yii\framework\web\CController.php(869): CBaseController->renderFile('C:\\xampp\\htdocs...', Array, true)
#12 C:\xampp\htdocs\yii\framework\web\CController.php(782): CController->renderPartial('create', Array, true)
#13 C:\xampp\htdocs\RRHH\protected\controllers\LiquidacionController.php(84): CController->render('create', Array)
#14 C:\xampp\htdocs\yii\framework\web\actions\CInlineAction.php(49): LiquidacionController->actionCreate()
#15 C:\xampp\htdocs\yii\framework\web\CController.php(308): CInlineAction->runWithParams(Array)
#16 C:\xampp\htdocs\yii\framework\web\filters\CFilterChain.php(133): CController->runAction(Object(CInlineAction))
#17 C:\xampp\htdocs\yii\framework\web\filters\CFilter.php(40): CFilterChain->run()
#18 C:\xampp\htdocs\yii\framework\web\CController.php(1145): CFilter->filter(Object(CFilterChain))
#19 C:\xampp\htdocs\yii\framework\web\filters\CInlineFilter.php(58): CController->filterAccessControl(Object(CFilterChain))
#20 C:\xampp\htdocs\yii\framework\web\filters\CFilterChain.php(130): CInlineFilter->filter(Object(CFilterChain))
#21 C:\xampp\htdocs\yii\framework\web\CController.php(291): CFilterChain->run()
#22 C:\xampp\htdocs\yii\framework\web\CController.php(265): CController->runActionWithFilters(Object(CInlineAction), Array)
#23 C:\xampp\htdocs\yii\framework\web\CWebApplication.php(282): CController->run('create')
#24 C:\xampp\htdocs\yii\framework\web\CWebApplication.php(141): CWebApplication->runController('liquidacion/cre...')
#25 C:\xampp\htdocs\yii\framework\base\CApplication.php(180): CWebApplication->processRequest()
#26 C:\xampp\htdocs\RRHH\index.php(13): CApplication->run()
#27 {main}
REQUEST_URI=/RRHH/liquidacion/create
HTTP_REFERER=http://localhost/RRHH/liquidacion
---
2014/11/13 19:43:20 [error] [php] call_user_func() expects parameter 1 to be a valid callback, array must have exactly two members (C:\xampp\htdocs\yii\framework\web\helpers\CHtml.php:2143)
Stack trace:
#0 C:\xampp\htdocs\RRHH\protected\views\liquidacion\_form.php(54): listData()
#1 C:\xampp\htdocs\yii\framework\web\CBaseController.php(126): require()
#2 C:\xampp\htdocs\yii\framework\web\CBaseController.php(95): LiquidacionController->renderInternal()
#3 C:\xampp\htdocs\yii\framework\web\CController.php(869): LiquidacionController->renderFile()
#4 C:\xampp\htdocs\RRHH\protected\views\liquidacion\create.php(22): LiquidacionController->renderPartial()
#5 C:\xampp\htdocs\yii\framework\web\CBaseController.php(126): require()
#6 C:\xampp\htdocs\yii\framework\web\CBaseController.php(95): LiquidacionController->renderInternal()
#7 C:\xampp\htdocs\yii\framework\web\CController.php(869): LiquidacionController->renderFile()
#8 C:\xampp\htdocs\yii\framework\web\CController.php(782): LiquidacionController->renderPartial()
#9 C:\xampp\htdocs\RRHH\protected\controllers\LiquidacionController.php(84): LiquidacionController->render()
#10 C:\xampp\htdocs\yii\framework\web\actions\CInlineAction.php(49): LiquidacionController->actionCreate()
#11 C:\xampp\htdocs\yii\framework\web\CController.php(308): CInlineAction->runWithParams()
#12 C:\xampp\htdocs\yii\framework\web\filters\CFilterChain.php(133): LiquidacionController->runAction()
#13 C:\xampp\htdocs\yii\framework\web\filters\CFilter.php(40): CFilterChain->run()
#14 C:\xampp\htdocs\yii\framework\web\CController.php(1145): CAccessControlFilter->filter()
#15 C:\xampp\htdocs\yii\framework\web\filters\CInlineFilter.php(58): LiquidacionController->filterAccessControl()
#16 C:\xampp\htdocs\yii\framework\web\filters\CFilterChain.php(130): CInlineFilter->filter()
#17 C:\xampp\htdocs\yii\framework\web\CController.php(291): CFilterChain->run()
#18 C:\xampp\htdocs\yii\framework\web\CController.php(265): LiquidacionController->runActionWithFilters()
#19 C:\xampp\htdocs\yii\framework\web\CWebApplication.php(282): LiquidacionController->run()
#20 C:\xampp\htdocs\yii\framework\web\CWebApplication.php(141): CWebApplication->runController()
#21 C:\xampp\htdocs\yii\framework\base\CApplication.php(180): CWebApplication->processRequest()
#22 C:\xampp\htdocs\RRHH\index.php(13): CWebApplication->run()
REQUEST_URI=/RRHH/liquidacion/create
in C:\xampp\htdocs\RRHH\protected\views\liquidacion\_form.php (54)
in C:\xampp\htdocs\RRHH\protected\views\liquidacion\create.php (22)
in C:\xampp\htdocs\RRHH\protected\controllers\LiquidacionController.php (84)
2014/11/13 19:44:00 [error] [php] call_user_func() expects parameter 1 to be a valid callback, array must have exactly two members (C:\xampp\htdocs\yii\framework\web\helpers\CHtml.php:2143)
Stack trace:
#0 C:\xampp\htdocs\RRHH\protected\views\liquidacion\_form.php(54): listData()
#1 C:\xampp\htdocs\yii\framework\web\CBaseController.php(126): require()
#2 C:\xampp\htdocs\yii\framework\web\CBaseController.php(95): LiquidacionController->renderInternal()
#3 C:\xampp\htdocs\yii\framework\web\CController.php(869): LiquidacionController->renderFile()
#4 C:\xampp\htdocs\RRHH\protected\views\liquidacion\create.php(22): LiquidacionController->renderPartial()
#5 C:\xampp\htdocs\yii\framework\web\CBaseController.php(126): require()
#6 C:\xampp\htdocs\yii\framework\web\CBaseController.php(95): LiquidacionController->renderInternal()
#7 C:\xampp\htdocs\yii\framework\web\CController.php(869): LiquidacionController->renderFile()
#8 C:\xampp\htdocs\yii\framework\web\CController.php(782): LiquidacionController->renderPartial()
#9 C:\xampp\htdocs\RRHH\protected\controllers\LiquidacionController.php(84): LiquidacionController->render()
#10 C:\xampp\htdocs\yii\framework\web\actions\CInlineAction.php(49): LiquidacionController->actionCreate()
#11 C:\xampp\htdocs\yii\framework\web\CController.php(308): CInlineAction->runWithParams()
#12 C:\xampp\htdocs\yii\framework\web\filters\CFilterChain.php(133): LiquidacionController->runAction()
#13 C:\xampp\htdocs\yii\framework\web\filters\CFilter.php(40): CFilterChain->run()
#14 C:\xampp\htdocs\yii\framework\web\CController.php(1145): CAccessControlFilter->filter()
#15 C:\xampp\htdocs\yii\framework\web\filters\CInlineFilter.php(58): LiquidacionController->filterAccessControl()
#16 C:\xampp\htdocs\yii\framework\web\filters\CFilterChain.php(130): CInlineFilter->filter()
#17 C:\xampp\htdocs\yii\framework\web\CController.php(291): CFilterChain->run()
#18 C:\xampp\htdocs\yii\framework\web\CController.php(265): LiquidacionController->runActionWithFilters()
#19 C:\xampp\htdocs\yii\framework\web\CWebApplication.php(282): LiquidacionController->run()
#20 C:\xampp\htdocs\yii\framework\web\CWebApplication.php(141): CWebApplication->runController()
#21 C:\xampp\htdocs\yii\framework\base\CApplication.php(180): CWebApplication->processRequest()
#22 C:\xampp\htdocs\RRHH\index.php(13): CWebApplication->run()
REQUEST_URI=/RRHH/liquidacion/create
in C:\xampp\htdocs\RRHH\protected\views\liquidacion\_form.php (54)
in C:\xampp\htdocs\RRHH\protected\views\liquidacion\create.php (22)
in C:\xampp\htdocs\RRHH\protected\controllers\LiquidacionController.php (84)
2014/11/13 20:09:41 [error] [php] include(AreaTrajo.php): failed to open stream: No such file or directory (C:\xampp\htdocs\yii\framework\YiiBase.php:427)
Stack trace:
#0 C:\xampp\htdocs\RRHH\protected\views\empleado\_form.php(54): spl_autoload_call()
#1 C:\xampp\htdocs\yii\framework\web\CBaseController.php(126): require()
#2 C:\xampp\htdocs\yii\framework\web\CBaseController.php(95): EmpleadoController->renderInternal()
#3 C:\xampp\htdocs\yii\framework\web\CController.php(869): EmpleadoController->renderFile()
#4 C:\xampp\htdocs\RRHH\protected\views\empleado\create.php(18): EmpleadoController->renderPartial()
#5 C:\xampp\htdocs\yii\framework\web\CBaseController.php(126): require()
#6 C:\xampp\htdocs\yii\framework\web\CBaseController.php(95): EmpleadoController->renderInternal()
#7 C:\xampp\htdocs\yii\framework\web\CController.php(869): EmpleadoController->renderFile()
#8 C:\xampp\htdocs\yii\framework\web\CController.php(782): EmpleadoController->renderPartial()
#9 C:\xampp\htdocs\RRHH\protected\controllers\EmpleadoController.php(79): EmpleadoController->render()
#10 C:\xampp\htdocs\yii\framework\web\actions\CInlineAction.php(49): EmpleadoController->actionCreate()
#11 C:\xampp\htdocs\yii\framework\web\CController.php(308): CInlineAction->runWithParams()
#12 C:\xampp\htdocs\yii\framework\web\filters\CFilterChain.php(133): EmpleadoController->runAction()
#13 C:\xampp\htdocs\yii\framework\web\filters\CFilter.php(40): CFilterChain->run()
#14 C:\xampp\htdocs\yii\framework\web\CController.php(1145): CAccessControlFilter->filter()
#15 C:\xampp\htdocs\yii\framework\web\filters\CInlineFilter.php(58): EmpleadoController->filterAccessControl()
#16 C:\xampp\htdocs\yii\framework\web\filters\CFilterChain.php(130): CInlineFilter->filter()
#17 C:\xampp\htdocs\yii\framework\web\CController.php(291): CFilterChain->run()
#18 C:\xampp\htdocs\yii\framework\web\CController.php(265): EmpleadoController->runActionWithFilters()
#19 C:\xampp\htdocs\yii\framework\web\CWebApplication.php(282): EmpleadoController->run()
#20 C:\xampp\htdocs\yii\framework\web\CWebApplication.php(141): CWebApplication->runController()
#21 C:\xampp\htdocs\yii\framework\base\CApplication.php(180): CWebApplication->processRequest()
#22 C:\xampp\htdocs\RRHH\index.php(13): CWebApplication->run()
REQUEST_URI=/RRHH/empleado/create
in C:\xampp\htdocs\RRHH\protected\views\empleado\_form.php (54)
in C:\xampp\htdocs\RRHH\protected\views\empleado\create.php (18)
in C:\xampp\htdocs\RRHH\protected\controllers\EmpleadoController.php (79)
2014/11/13 20:10:35 [error] [php] include(AreaTrajo.php): failed to open stream: No such file or directory (C:\xampp\htdocs\yii\framework\YiiBase.php:427)
Stack trace:
#0 C:\xampp\htdocs\RRHH\protected\views\empleado\_form.php(54): spl_autoload_call()
#1 C:\xampp\htdocs\yii\framework\web\CBaseController.php(126): require()
#2 C:\xampp\htdocs\yii\framework\web\CBaseController.php(95): EmpleadoController->renderInternal()
#3 C:\xampp\htdocs\yii\framework\web\CController.php(869): EmpleadoController->renderFile()
#4 C:\xampp\htdocs\RRHH\protected\views\empleado\create.php(18): EmpleadoController->renderPartial()
#5 C:\xampp\htdocs\yii\framework\web\CBaseController.php(126): require()
#6 C:\xampp\htdocs\yii\framework\web\CBaseController.php(95): EmpleadoController->renderInternal()
#7 C:\xampp\htdocs\yii\framework\web\CController.php(869): EmpleadoController->renderFile()
#8 C:\xampp\htdocs\yii\framework\web\CController.php(782): EmpleadoController->renderPartial()
#9 C:\xampp\htdocs\RRHH\protected\controllers\EmpleadoController.php(79): EmpleadoController->render()
#10 C:\xampp\htdocs\yii\framework\web\actions\CInlineAction.php(49): EmpleadoController->actionCreate()
#11 C:\xampp\htdocs\yii\framework\web\CController.php(308): CInlineAction->runWithParams()
#12 C:\xampp\htdocs\yii\framework\web\filters\CFilterChain.php(133): EmpleadoController->runAction()
#13 C:\xampp\htdocs\yii\framework\web\filters\CFilter.php(40): CFilterChain->run()
#14 C:\xampp\htdocs\yii\framework\web\CController.php(1145): CAccessControlFilter->filter()
#15 C:\xampp\htdocs\yii\framework\web\filters\CInlineFilter.php(58): EmpleadoController->filterAccessControl()
#16 C:\xampp\htdocs\yii\framework\web\filters\CFilterChain.php(130): CInlineFilter->filter()
#17 C:\xampp\htdocs\yii\framework\web\CController.php(291): CFilterChain->run()
#18 C:\xampp\htdocs\yii\framework\web\CController.php(265): EmpleadoController->runActionWithFilters()
#19 C:\xampp\htdocs\yii\framework\web\CWebApplication.php(282): EmpleadoController->run()
#20 C:\xampp\htdocs\yii\framework\web\CWebApplication.php(141): CWebApplication->runController()
#21 C:\xampp\htdocs\yii\framework\base\CApplication.php(180): CWebApplication->processRequest()
#22 C:\xampp\htdocs\RRHH\index.php(13): CWebApplication->run()
REQUEST_URI=/RRHH/empleado/create
in C:\xampp\htdocs\RRHH\protected\views\empleado\_form.php (54)
in C:\xampp\htdocs\RRHH\protected\views\empleado\create.php (18)
in C:\xampp\htdocs\RRHH\protected\controllers\EmpleadoController.php (79)
2014/11/13 20:11:13 [error] [php] include(AreaTrabajo.php): failed to open stream: No such file or directory (C:\xampp\htdocs\yii\framework\YiiBase.php:427)
Stack trace:
#0 C:\xampp\htdocs\RRHH\protected\views\empleado\_form.php(54): spl_autoload_call()
#1 C:\xampp\htdocs\yii\framework\web\CBaseController.php(126): require()
#2 C:\xampp\htdocs\yii\framework\web\CBaseController.php(95): EmpleadoController->renderInternal()
#3 C:\xampp\htdocs\yii\framework\web\CController.php(869): EmpleadoController->renderFile()
#4 C:\xampp\htdocs\RRHH\protected\views\empleado\create.php(18): EmpleadoController->renderPartial()
#5 C:\xampp\htdocs\yii\framework\web\CBaseController.php(126): require()
#6 C:\xampp\htdocs\yii\framework\web\CBaseController.php(95): EmpleadoController->renderInternal()
#7 C:\xampp\htdocs\yii\framework\web\CController.php(869): EmpleadoController->renderFile()
#8 C:\xampp\htdocs\yii\framework\web\CController.php(782): EmpleadoController->renderPartial()
#9 C:\xampp\htdocs\RRHH\protected\controllers\EmpleadoController.php(79): EmpleadoController->render()
#10 C:\xampp\htdocs\yii\framework\web\actions\CInlineAction.php(49): EmpleadoController->actionCreate()
#11 C:\xampp\htdocs\yii\framework\web\CController.php(308): CInlineAction->runWithParams()
#12 C:\xampp\htdocs\yii\framework\web\filters\CFilterChain.php(133): EmpleadoController->runAction()
#13 C:\xampp\htdocs\yii\framework\web\filters\CFilter.php(40): CFilterChain->run()
#14 C:\xampp\htdocs\yii\framework\web\CController.php(1145): CAccessControlFilter->filter()
#15 C:\xampp\htdocs\yii\framework\web\filters\CInlineFilter.php(58): EmpleadoController->filterAccessControl()
#16 C:\xampp\htdocs\yii\framework\web\filters\CFilterChain.php(130): CInlineFilter->filter()
#17 C:\xampp\htdocs\yii\framework\web\CController.php(291): CFilterChain->run()
#18 C:\xampp\htdocs\yii\framework\web\CController.php(265): EmpleadoController->runActionWithFilters()
#19 C:\xampp\htdocs\yii\framework\web\CWebApplication.php(282): EmpleadoController->run()
#20 C:\xampp\htdocs\yii\framework\web\CWebApplication.php(141): CWebApplication->runController()
#21 C:\xampp\htdocs\yii\framework\base\CApplication.php(180): CWebApplication->processRequest()
#22 C:\xampp\htdocs\RRHH\index.php(13): CWebApplication->run()
REQUEST_URI=/RRHH/empleado/create
in C:\xampp\htdocs\RRHH\protected\views\empleado\_form.php (54)
in C:\xampp\htdocs\RRHH\protected\views\empleado\create.php (18)
in C:\xampp\htdocs\RRHH\protected\controllers\EmpleadoController.php (79)
2014/11/13 20:11:39 [error] [exception.CHttpException.404] exception 'CHttpException' with message 'Unable to resolve the request "gi".' in C:\xampp\htdocs\yii\framework\web\CWebApplication.php:286
Stack trace:
#0 C:\xampp\htdocs\yii\framework\web\CWebApplication.php(141): CWebApplication->runController('gi')
#1 C:\xampp\htdocs\yii\framework\base\CApplication.php(180): CWebApplication->processRequest()
#2 C:\xampp\htdocs\RRHH\index.php(13): CApplication->run()
#3 {main}
REQUEST_URI=/RRHH/gi
---
2014/11/16 03:43:04 [error] [exception.CException] exception 'CException' with message 'PruebaController cannot find the requested view "index".' in C:\xampp\htdocs\yii\framework\web\CController.php:878
Stack trace:
#0 C:\xampp\htdocs\yii\framework\web\CController.php(782): CController->renderPartial('index', Array, true)
#1 C:\xampp\htdocs\RRHH\protected\controllers\EmpleadoController.php(128): CController->render('index', Array)
#2 C:\xampp\htdocs\yii\framework\web\actions\CInlineAction.php(49): EmpleadoController->actionIndex()
#3 C:\xampp\htdocs\yii\framework\web\CController.php(308): CInlineAction->runWithParams(Array)
#4 C:\xampp\htdocs\yii\framework\web\filters\CFilterChain.php(133): CController->runAction(Object(CInlineAction))
#5 C:\xampp\htdocs\yii\framework\web\filters\CFilter.php(40): CFilterChain->run()
#6 C:\xampp\htdocs\yii\framework\web\CController.php(1145): CFilter->filter(Object(CFilterChain))
#7 C:\xampp\htdocs\yii\framework\web\filters\CInlineFilter.php(58): CController->filterAccessControl(Object(CFilterChain))
#8 C:\xampp\htdocs\yii\framework\web\filters\CFilterChain.php(130): CInlineFilter->filter(Object(CFilterChain))
#9 C:\xampp\htdocs\yii\framework\web\CController.php(291): CFilterChain->run()
#10 C:\xampp\htdocs\yii\framework\web\CController.php(265): CController->runActionWithFilters(Object(CInlineAction), Array)
#11 C:\xampp\htdocs\yii\framework\web\CWebApplication.php(282): CController->run('')
#12 C:\xampp\htdocs\yii\framework\web\CWebApplication.php(141): CWebApplication->runController('prueba')
#13 C:\xampp\htdocs\yii\framework\base\CApplication.php(180): CWebApplication->processRequest()
#14 C:\xampp\htdocs\RRHH\index.php(13): CApplication->run()
#15 {main}
REQUEST_URI=/RRHH/prueba
---
2014/11/16 03:57:01 [error] [exception.CHttpException.400] exception 'CHttpException' with message 'Your request is invalid.' in C:\xampp\htdocs\yii\framework\web\CController.php:336
Stack trace:
#0 C:\xampp\htdocs\yii\framework\web\CController.php(309): CController->invalidActionParams(Object(CInlineAction))
#1 C:\xampp\htdocs\yii\framework\web\filters\CFilterChain.php(133): CController->runAction(Object(CInlineAction))
#2 C:\xampp\htdocs\yii\framework\web\filters\CFilter.php(40): CFilterChain->run()
#3 C:\xampp\htdocs\yii\framework\web\CController.php(1145): CFilter->filter(Object(CFilterChain))
#4 C:\xampp\htdocs\yii\framework\web\filters\CInlineFilter.php(58): CController->filterAccessControl(Object(CFilterChain))
#5 C:\xampp\htdocs\yii\framework\web\filters\CFilterChain.php(130): CInlineFilter->filter(Object(CFilterChain))
#6 C:\xampp\htdocs\yii\framework\web\CController.php(291): CFilterChain->run()
#7 C:\xampp\htdocs\yii\framework\web\CController.php(265): CController->runActionWithFilters(Object(CInlineAction), Array)
#8 C:\xampp\htdocs\yii\framework\web\CWebApplication.php(282): CController->run('create')
#9 C:\xampp\htdocs\yii\framework\web\CWebApplication.php(141): CWebApplication->runController('liquidacion/cre...')
#10 C:\xampp\htdocs\yii\framework\base\CApplication.php(180): CWebApplication->processRequest()
#11 C:\xampp\htdocs\RRHH\index.php(13): CApplication->run()
#12 {main}
REQUEST_URI=/RRHH/liquidacion/create
HTTP_REFERER=http://localhost/RRHH/liquidacion
---
2014/11/16 04:20:33 [error] [exception.CHttpException.404] exception 'CHttpException' with message 'The system is unable to find the requested action "create.php".' in C:\xampp\htdocs\yii\framework\web\CController.php:483
Stack trace:
#0 C:\xampp\htdocs\yii\framework\web\CController.php(270): CController->missingAction('create.php')
#1 C:\xampp\htdocs\yii\framework\web\CWebApplication.php(282): CController->run('create.php')
#2 C:\xampp\htdocs\yii\framework\web\CWebApplication.php(141): CWebApplication->runController('liquidacion/cre...')
#3 C:\xampp\htdocs\yii\framework\base\CApplication.php(180): CWebApplication->processRequest()
#4 C:\xampp\htdocs\RRHH\index.php(13): CApplication->run()
#5 {main}
REQUEST_URI=/RRHH/liquidacion/create.php
HTTP_REFERER=http://localhost/RRHH/empleado/create
---
2014/11/16 05:05:35 [error] [exception.CException] exception 'CException' with message 'Property "Empleado.fechaLiquidacion" is not defined.' in C:\xampp\htdocs\yii\framework\base\CComponent.php:130
Stack trace:
#0 C:\xampp\htdocs\yii\framework\db\ar\CActiveRecord.php(145): CComponent->__get('fechaLiquidacio...')
#1 C:\xampp\htdocs\yii\framework\web\helpers\CHtml.php(2529): CActiveRecord->__get('fechaLiquidacio...')
#2 C:\xampp\htdocs\yii\framework\web\helpers\CHtml.php(2252): CHtml::resolveValue(Object(Empleado), 'fechaLiquidacio...')
#3 C:\xampp\htdocs\yii\framework\web\helpers\CHtml.php(1434): CHtml::activeInputField('text', Object(Empleado), 'fechaLiquidacio...', Array)
#4 C:\xampp\htdocs\yii\framework\web\widgets\CActiveForm.php(725): CHtml::activeTextField(Object(Empleado), 'fechaLiquidacio...', Array)
#5 C:\xampp\htdocs\RRHH\protected\views\empleado\_form.php(70): CActiveForm->textField(Object(Empleado), 'fechaLiquidacio...')
#6 C:\xampp\htdocs\yii\framework\web\CBaseController.php(126): require('C:\\xampp\\htdocs...')
#7 C:\xampp\htdocs\yii\framework\web\CBaseController.php(95): CBaseController->renderInternal('C:\\xampp\\htdocs...', Array, true)
#8 C:\xampp\htdocs\yii\framework\web\CController.php(869): CBaseController->renderFile('C:\\xampp\\htdocs...', Array, true)
#9 C:\xampp\htdocs\RRHH\protected\views\empleado\create.php(20): CController->renderPartial('_form', Array)
#10 C:\xampp\htdocs\yii\framework\web\CBaseController.php(126): require('C:\\xampp\\htdocs...')
#11 C:\xampp\htdocs\yii\framework\web\CBaseController.php(95): CBaseController->renderInternal('C:\\xampp\\htdocs...', Array, true)
#12 C:\xampp\htdocs\yii\framework\web\CController.php(869): CBaseController->renderFile('C:\\xampp\\htdocs...', Array, true)
#13 C:\xampp\htdocs\yii\framework\web\CController.php(782): CController->renderPartial('create', Array, true)
#14 C:\xampp\htdocs\RRHH\protected\controllers\EmpleadoController.php(85): CController->render('create', Array)
#15 C:\xampp\htdocs\yii\framework\web\actions\CInlineAction.php(49): EmpleadoController->actionCreate()
#16 C:\xampp\htdocs\yii\framework\web\CController.php(308): CInlineAction->runWithParams(Array)
#17 C:\xampp\htdocs\yii\framework\web\filters\CFilterChain.php(133): CController->runAction(Object(CInlineAction))
#18 C:\xampp\htdocs\yii\framework\web\filters\CFilter.php(40): CFilterChain->run()
#19 C:\xampp\htdocs\yii\framework\web\CController.php(1145): CFilter->filter(Object(CFilterChain))
#20 C:\xampp\htdocs\yii\framework\web\filters\CInlineFilter.php(58): CController->filterAccessControl(Object(CFilterChain))
#21 C:\xampp\htdocs\yii\framework\web\filters\CFilterChain.php(130): CInlineFilter->filter(Object(CFilterChain))
#22 C:\xampp\htdocs\yii\framework\web\CController.php(291): CFilterChain->run()
#23 C:\xampp\htdocs\yii\framework\web\CController.php(265): CController->runActionWithFilters(Object(CInlineAction), Array)
#24 C:\xampp\htdocs\yii\framework\web\CWebApplication.php(282): CController->run('create')
#25 C:\xampp\htdocs\yii\framework\web\CWebApplication.php(141): CWebApplication->runController('empleado/create')
#26 C:\xampp\htdocs\yii\framework\base\CApplication.php(180): CWebApplication->processRequest()
#27 C:\xampp\htdocs\RRHH\index.php(13): CApplication->run()
#28 {main}
REQUEST_URI=/RRHH/empleado/create
HTTP_REFERER=http://localhost/RRHH/empleado
---
2014/11/16 05:39:02 [error] [php] Undefined variable: model (C:\xampp\htdocs\RRHH\protected\views\site\login.php:28)
Stack trace:
#0 C:\xampp\htdocs\yii\framework\web\CController.php(869): SiteController->renderFile()
#1 C:\xampp\htdocs\yii\framework\web\CController.php(782): SiteController->renderPartial()
#2 C:\xampp\htdocs\RRHH\protected\controllers\SiteController.php(32): SiteController->render()
#3 C:\xampp\htdocs\yii\framework\web\actions\CInlineAction.php(49): SiteController->actionIndex()
#4 C:\xampp\htdocs\yii\framework\web\CController.php(308): CInlineAction->runWithParams()
#5 C:\xampp\htdocs\yii\framework\web\CController.php(286): SiteController->runAction()
#6 C:\xampp\htdocs\yii\framework\web\CController.php(265): SiteController->runActionWithFilters()
#7 C:\xampp\htdocs\yii\framework\web\CWebApplication.php(282): SiteController->run()
#8 C:\xampp\htdocs\yii\framework\web\CWebApplication.php(141): CWebApplication->runController()
#9 C:\xampp\htdocs\yii\framework\base\CApplication.php(180): CWebApplication->processRequest()
#10 C:\xampp\htdocs\RRHH\index.php(13): CWebApplication->run()
REQUEST_URI=/RRHH/
in C:\xampp\htdocs\RRHH\protected\views\site\login.php (28)
in C:\xampp\htdocs\RRHH\protected\controllers\SiteController.php (32)
in C:\xampp\htdocs\RRHH\index.php (13)
2014/11/16 05:53:23 [error] [exception.CHttpException.404] exception 'CHttpException' with message 'The system is unable to find the requested action "index.php".' in C:\xampp\htdocs\yii\framework\web\CController.php:483
Stack trace:
#0 C:\xampp\htdocs\yii\framework\web\CController.php(270): CController->missingAction('index.php')
#1 C:\xampp\htdocs\yii\framework\web\CWebApplication.php(282): CController->run('index.php')
#2 C:\xampp\htdocs\yii\framework\web\CWebApplication.php(141): CWebApplication->runController('site/index.php')
#3 C:\xampp\htdocs\yii\framework\base\CApplication.php(180): CWebApplication->processRequest()
#4 C:\xampp\htdocs\RRHH\index.php(13): CApplication->run()
#5 {main}
REQUEST_URI=/RRHH/site/index.php
HTTP_REFERER=http://localhost/RRHH/
---
2014/11/16 05:53:39 [error] [exception.CHttpException.404] exception 'CHttpException' with message 'The system is unable to find the requested action "index.php".' in C:\xampp\htdocs\yii\framework\web\CController.php:483
Stack trace:
#0 C:\xampp\htdocs\yii\framework\web\CController.php(270): CController->missingAction('index.php')
#1 C:\xampp\htdocs\yii\framework\web\CWebApplication.php(282): CController->run('index.php')
#2 C:\xampp\htdocs\yii\framework\web\CWebApplication.php(141): CWebApplication->runController('site/index.php')
#3 C:\xampp\htdocs\yii\framework\base\CApplication.php(180): CWebApplication->processRequest()
#4 C:\xampp\htdocs\RRHH\index.php(13): CApplication->run()
#5 {main}
REQUEST_URI=/RRHH/site/index.php
HTTP_REFERER=http://localhost/RRHH/
---
2014/11/16 09:00:15 [error] [exception.CHttpException.404] exception 'CHttpException' with message 'The requested view "index" was not found.' in C:\xampp\htdocs\yii\framework\web\actions\CViewAction.php:112
Stack trace:
#0 C:\xampp\htdocs\yii\framework\web\actions\CViewAction.php(123): CViewAction->resolveView('index')
#1 C:\xampp\htdocs\yii\framework\web\actions\CAction.php(76): CViewAction->run()
#2 C:\xampp\htdocs\yii\framework\web\CController.php(308): CAction->runWithParams(Array)
#3 C:\xampp\htdocs\yii\framework\web\CController.php(286): CController->runAction(Object(CViewAction))
#4 C:\xampp\htdocs\yii\framework\web\CController.php(265): CController->runActionWithFilters(Object(CViewAction), Array)
#5 C:\xampp\htdocs\yii\framework\web\CWebApplication.php(282): CController->run('page')
#6 C:\xampp\htdocs\yii\framework\web\CWebApplication.php(141): CWebApplication->runController('site/page/about')
#7 C:\xampp\htdocs\yii\framework\base\CApplication.php(180): CWebApplication->processRequest()
#8 C:\xampp\htdocs\RRHH\index.php(13): CApplication->run()
#9 {main}
REQUEST_URI=/RRHH/site/page/about
HTTP_REFERER=http://localhost/RRHH/
---
2014/11/22 01:33:46 [error] [exception.CHttpException.404] exception 'CHttpException' with message 'The requested page does not exist.' in C:\xampp\htdocs\RRHH\protected\controllers\AnticipoController.php:161
Stack trace:
#0 C:\xampp\htdocs\RRHH\protected\controllers\AnticipoController.php(55): AnticipoController->loadModel('1')
#1 [internal function]: AnticipoController->actionView('1')
#2 C:\xampp\htdocs\yii\framework\web\actions\CAction.php(108): ReflectionMethod->invokeArgs(Object(AnticipoController), Array)
#3 C:\xampp\htdocs\yii\framework\web\actions\CInlineAction.php(47): CAction->runWithParamsInternal(Object(AnticipoController), Object(ReflectionMethod), Array)
#4 C:\xampp\htdocs\yii\framework\web\CController.php(308): CInlineAction->runWithParams(Array)
#5 C:\xampp\htdocs\yii\framework\web\filters\CFilterChain.php(133): CController->runAction(Object(CInlineAction))
#6 C:\xampp\htdocs\yii\framework\web\filters\CFilter.php(40): CFilterChain->run()
#7 C:\xampp\htdocs\yii\framework\web\CController.php(1145): CFilter->filter(Object(CFilterChain))
#8 C:\xampp\htdocs\yii\framework\web\filters\CInlineFilter.php(58): CController->filterAccessControl(Object(CFilterChain))
#9 C:\xampp\htdocs\yii\framework\web\filters\CFilterChain.php(130): CInlineFilter->filter(Object(CFilterChain))
#10 C:\xampp\htdocs\yii\framework\web\CController.php(291): CFilterChain->run()
#11 C:\xampp\htdocs\yii\framework\web\CController.php(265): CController->runActionWithFilters(Object(CInlineAction), Array)
#12 C:\xampp\htdocs\yii\framework\web\CWebApplication.php(282): CController->run('view')
#13 C:\xampp\htdocs\yii\framework\web\CWebApplication.php(141): CWebApplication->runController('anticipo/view')
#14 C:\xampp\htdocs\yii\framework\base\CApplication.php(180): CWebApplication->processRequest()
#15 C:\xampp\htdocs\RRHH\index.php(13): CApplication->run()
#16 {main}
REQUEST_URI=/RRHH/anticipo/1
HTTP_REFERER=http://localhost/RRHH/anticipo/create
---
2014/11/22 01:46:23 [error] [exception.CHttpException.404] exception 'CHttpException' with message 'The system is unable to find the requested action "about".' in C:\xampp\htdocs\yii\framework\web\CController.php:483
Stack trace:
#0 C:\xampp\htdocs\yii\framework\web\CController.php(270): CController->missingAction('about')
#1 C:\xampp\htdocs\yii\framework\web\CWebApplication.php(282): CController->run('about')
#2 C:\xampp\htdocs\yii\framework\web\CWebApplication.php(141): CWebApplication->runController('site/about')
#3 C:\xampp\htdocs\yii\framework\base\CApplication.php(180): CWebApplication->processRequest()
#4 C:\xampp\htdocs\RRHH\index.php(13): CApplication->run()
#5 {main}
REQUEST_URI=/RRHH/site/about
---
2014/11/22 01:46:51 [error] [exception.CHttpException.404] exception 'CHttpException' with message 'The requested view "index" was not found.' in C:\xampp\htdocs\yii\framework\web\actions\CViewAction.php:112
Stack trace:
#0 C:\xampp\htdocs\yii\framework\web\actions\CViewAction.php(123): CViewAction->resolveView('index')
#1 C:\xampp\htdocs\yii\framework\web\actions\CAction.php(76): CViewAction->run()
#2 C:\xampp\htdocs\yii\framework\web\CController.php(308): CAction->runWithParams(Array)
#3 C:\xampp\htdocs\yii\framework\web\CController.php(286): CController->runAction(Object(CViewAction))
#4 C:\xampp\htdocs\yii\framework\web\CController.php(265): CController->runActionWithFilters(Object(CViewAction), Array)
#5 C:\xampp\htdocs\yii\framework\web\CWebApplication.php(282): CController->run('page')
#6 C:\xampp\htdocs\yii\framework\web\CWebApplication.php(141): CWebApplication->runController('site/page/about')
#7 C:\xampp\htdocs\yii\framework\base\CApplication.php(180): CWebApplication->processRequest()
#8 C:\xampp\htdocs\RRHH\index.php(13): CApplication->run()
#9 {main}
REQUEST_URI=/RRHH/site/page/about
---
2014/11/22 01:47:27 [error] [exception.CHttpException.404] exception 'CHttpException' with message 'Unable to resolve the request "view/site/page/about".' in C:\xampp\htdocs\yii\framework\web\CWebApplication.php:286
Stack trace:
#0 C:\xampp\htdocs\yii\framework\web\CWebApplication.php(141): CWebApplication->runController('view/site/page/...')
#1 C:\xampp\htdocs\yii\framework\base\CApplication.php(180): CWebApplication->processRequest()
#2 C:\xampp\htdocs\RRHH\index.php(13): CApplication->run()
#3 {main}
REQUEST_URI=/RRHH/view/site/page/about
---
2014/11/22 01:47:46 [error] [exception.CHttpException.404] exception 'CHttpException' with message 'Unable to resolve the request "views/site/page/about".' in C:\xampp\htdocs\yii\framework\web\CWebApplication.php:286
Stack trace:
#0 C:\xampp\htdocs\yii\framework\web\CWebApplication.php(141): CWebApplication->runController('views/site/page...')
#1 C:\xampp\htdocs\yii\framework\base\CApplication.php(180): CWebApplication->processRequest()
#2 C:\xampp\htdocs\RRHH\index.php(13): CApplication->run()
#3 {main}
REQUEST_URI=/RRHH/views/site/page/about
---
2014/11/22 01:47:57 [error] [exception.CHttpException.404] exception 'CHttpException' with message 'Unable to resolve the request "views/site".' in C:\xampp\htdocs\yii\framework\web\CWebApplication.php:286
Stack trace:
#0 C:\xampp\htdocs\yii\framework\web\CWebApplication.php(141): CWebApplication->runController('views/site')
#1 C:\xampp\htdocs\yii\framework\base\CApplication.php(180): CWebApplication->processRequest()
#2 C:\xampp\htdocs\RRHH\index.php(13): CApplication->run()
#3 {main}
REQUEST_URI=/RRHH/views/site/
---
2014/11/22 01:48:03 [error] [exception.CHttpException.404] exception 'CHttpException' with message 'Unable to resolve the request "views/site".' in C:\xampp\htdocs\yii\framework\web\CWebApplication.php:286
Stack trace:
#0 C:\xampp\htdocs\yii\framework\web\CWebApplication.php(141): CWebApplication->runController('views/site')
#1 C:\xampp\htdocs\yii\framework\base\CApplication.php(180): CWebApplication->processRequest()
#2 C:\xampp\htdocs\RRHH\index.php(13): CApplication->run()
#3 {main}
REQUEST_URI=/RRHH/views/site
---
2014/11/22 01:48:25 [error] [exception.CHttpException.404] exception 'CHttpException' with message 'The system is unable to find the requested action "about".' in C:\xampp\htdocs\yii\framework\web\CController.php:483
Stack trace:
#0 C:\xampp\htdocs\yii\framework\web\CController.php(270): CController->missingAction('about')
#1 C:\xampp\htdocs\yii\framework\web\CWebApplication.php(282): CController->run('about')
#2 C:\xampp\htdocs\yii\framework\web\CWebApplication.php(141): CWebApplication->runController('site/about')
#3 C:\xampp\htdocs\yii\framework\base\CApplication.php(180): CWebApplication->processRequest()
#4 C:\xampp\htdocs\RRHH\index.php(13): CApplication->run()
#5 {main}
REQUEST_URI=/RRHH/site/about
---
2014/11/22 01:48:36 [error] [exception.CHttpException.404] exception 'CHttpException' with message 'The requested view "index" was not found.' in C:\xampp\htdocs\yii\framework\web\actions\CViewAction.php:112
Stack trace:
#0 C:\xampp\htdocs\yii\framework\web\actions\CViewAction.php(123): CViewAction->resolveView('index')
#1 C:\xampp\htdocs\yii\framework\web\actions\CAction.php(76): CViewAction->run()
#2 C:\xampp\htdocs\yii\framework\web\CController.php(308): CAction->runWithParams(Array)
#3 C:\xampp\htdocs\yii\framework\web\CController.php(286): CController->runAction(Object(CViewAction))
#4 C:\xampp\htdocs\yii\framework\web\CController.php(265): CController->runActionWithFilters(Object(CViewAction), Array)
#5 C:\xampp\htdocs\yii\framework\web\CWebApplication.php(282): CController->run('page')
#6 C:\xampp\htdocs\yii\framework\web\CWebApplication.php(141): CWebApplication->runController('site/page/about')
#7 C:\xampp\htdocs\yii\framework\base\CApplication.php(180): CWebApplication->processRequest()
#8 C:\xampp\htdocs\RRHH\index.php(13): CApplication->run()
#9 {main}
REQUEST_URI=/RRHH/site/page/about
---
2014/11/24 04:09:01 [error] [exception.CHttpException.404] exception 'CHttpException' with message 'The requested view "index" was not found.' in C:\xampp\htdocs\yii\framework\web\actions\CViewAction.php:112
Stack trace:
#0 C:\xampp\htdocs\yii\framework\web\actions\CViewAction.php(123): CViewAction->resolveView('index')
#1 C:\xampp\htdocs\yii\framework\web\actions\CAction.php(76): CViewAction->run()
#2 C:\xampp\htdocs\yii\framework\web\CController.php(308): CAction->runWithParams(Array)
#3 C:\xampp\htdocs\yii\framework\web\CController.php(286): CController->runAction(Object(CViewAction))
#4 C:\xampp\htdocs\yii\framework\web\CController.php(265): CController->runActionWithFilters(Object(CViewAction), Array)
#5 C:\xampp\htdocs\yii\framework\web\CWebApplication.php(282): CController->run('page')
#6 C:\xampp\htdocs\yii\framework\web\CWebApplication.php(141): CWebApplication->runController('site/page/about')
#7 C:\xampp\htdocs\yii\framework\base\CApplication.php(180): CWebApplication->processRequest()
#8 C:\xampp\htdocs\RRHH\index.php(13): CApplication->run()
#9 {main}
REQUEST_URI=/RRHH/site/page/about
HTTP_REFERER=http://localhost/RRHH/
---
2014/11/24 04:09:04 [error] [exception.CHttpException.404] exception 'CHttpException' with message 'Unable to resolve the request "anticipo/index".' in C:\xampp\htdocs\yii\framework\web\CWebApplication.php:286
Stack trace:
#0 C:\xampp\htdocs\yii\framework\web\CWebApplication.php(141): CWebApplication->runController('anticipo/index')
#1 C:\xampp\htdocs\yii\framework\base\CApplication.php(180): CWebApplication->processRequest()
#2 C:\xampp\htdocs\RRHH\index.php(13): CApplication->run()
#3 {main}
REQUEST_URI=/RRHH/anticipo/index
HTTP_REFERER=http://localhost/RRHH/site/page/about
---
2014/11/24 05:18:05 [error] [php] Undefined variable: data (C:\xampp\htdocs\RRHH\protected\views\contrato\_form.php:48)
Stack trace:
#0 C:\xampp\htdocs\yii\framework\web\CController.php(869): ContratoController->renderFile()
#1 C:\xampp\htdocs\RRHH\protected\views\contrato\create.php(18): ContratoController->renderPartial()
#2 C:\xampp\htdocs\yii\framework\web\CBaseController.php(126): require()
#3 C:\xampp\htdocs\yii\framework\web\CBaseController.php(95): ContratoController->renderInternal()
#4 C:\xampp\htdocs\yii\framework\web\CController.php(869): ContratoController->renderFile()
#5 C:\xampp\htdocs\yii\framework\web\CController.php(782): ContratoController->renderPartial()
#6 C:\xampp\htdocs\RRHH\protected\controllers\ContratoController.php(79): ContratoController->render()
#7 C:\xampp\htdocs\yii\framework\web\actions\CInlineAction.php(49): ContratoController->actionCreate()
#8 C:\xampp\htdocs\yii\framework\web\CController.php(308): CInlineAction->runWithParams()
#9 C:\xampp\htdocs\yii\framework\web\filters\CFilterChain.php(133): ContratoController->runAction()
#10 C:\xampp\htdocs\yii\framework\web\filters\CFilter.php(40): CFilterChain->run()
#11 C:\xampp\htdocs\yii\framework\web\CController.php(1145): CAccessControlFilter->filter()
#12 C:\xampp\htdocs\yii\framework\web\filters\CInlineFilter.php(58): ContratoController->filterAccessControl()
#13 C:\xampp\htdocs\yii\framework\web\filters\CFilterChain.php(130): CInlineFilter->filter()
#14 C:\xampp\htdocs\yii\framework\web\CController.php(291): CFilterChain->run()
#15 C:\xampp\htdocs\yii\framework\web\CController.php(265): ContratoController->runActionWithFilters()
#16 C:\xampp\htdocs\yii\framework\web\CWebApplication.php(282): ContratoController->run()
#17 C:\xampp\htdocs\yii\framework\web\CWebApplication.php(141): CWebApplication->runController()
#18 C:\xampp\htdocs\yii\framework\base\CApplication.php(180): CWebApplication->processRequest()
#19 C:\xampp\htdocs\RRHH\index.php(13): CWebApplication->run()
REQUEST_URI=/RRHH/contrato/create
in C:\xampp\htdocs\RRHH\protected\views\contrato\_form.php (48)
in C:\xampp\htdocs\RRHH\protected\views\contrato\create.php (18)
in C:\xampp\htdocs\RRHH\protected\controllers\ContratoController.php (79)
2014/11/24 05:59:22 [error] [exception.CHttpException.404] exception 'CHttpException' with message 'Unable to resolve the request "anticipo/index".' in C:\xampp\htdocs\yii\framework\web\CWebApplication.php:286
Stack trace:
#0 C:\xampp\htdocs\yii\framework\web\CWebApplication.php(141): CWebApplication->runController('anticipo/index')
#1 C:\xampp\htdocs\yii\framework\base\CApplication.php(180): CWebApplication->processRequest()
#2 C:\xampp\htdocs\RRHH\index.php(13): CApplication->run()
#3 {main}
REQUEST_URI=/RRHH/anticipo/index
HTTP_REFERER=http://localhost/RRHH/empleado/index
---
2014/11/24 06:20:19 [error] [exception.CHttpException.404] exception 'CHttpException' with message 'Unable to resolve the request "liquidacion/index".' in C:\xampp\htdocs\yii\framework\web\CWebApplication.php:286
Stack trace:
#0 C:\xampp\htdocs\yii\framework\web\CWebApplication.php(141): CWebApplication->runController('liquidacion/ind...')
#1 C:\xampp\htdocs\yii\framework\base\CApplication.php(180): CWebApplication->processRequest()
#2 C:\xampp\htdocs\RRHH\index.php(13): CApplication->run()
#3 {main}
REQUEST_URI=/RRHH/liquidacion/index
HTTP_REFERER=http://localhost/RRHH/anticipo/index
---
2014/11/24 06:20:58 [error] [exception.CHttpException.404] exception 'CHttpException' with message 'Unable to resolve the request "liquidacion/index".' in C:\xampp\htdocs\yii\framework\web\CWebApplication.php:286
Stack trace:
#0 C:\xampp\htdocs\yii\framework\web\CWebApplication.php(141): CWebApplication->runController('liquidacion/ind...')
#1 C:\xampp\htdocs\yii\framework\base\CApplication.php(180): CWebApplication->processRequest()
#2 C:\xampp\htdocs\RRHH\index.php(13): CApplication->run()
#3 {main}
REQUEST_URI=/RRHH/liquidacion/index
HTTP_REFERER=http://localhost/RRHH/anticipo/index
---
2014/11/24 06:21:13 [error] [exception.CHttpException.404] exception 'CHttpException' with message 'Unable to resolve the request "liquidacion/index".' in C:\xampp\htdocs\yii\framework\web\CWebApplication.php:286
Stack trace:
#0 C:\xampp\htdocs\yii\framework\web\CWebApplication.php(141): CWebApplication->runController('liquidacion/ind...')
#1 C:\xampp\htdocs\yii\framework\base\CApplication.php(180): CWebApplication->processRequest()
#2 C:\xampp\htdocs\RRHH\index.php(13): CApplication->run()
#3 {main}
REQUEST_URI=/RRHH/liquidacion/index
HTTP_REFERER=http://localhost/RRHH/anticipo/index
---
2014/11/24 07:14:05 [error] [exception.CException] exception 'CException' with message 'AsistenciaController cannot find the requested view "_form1".' in C:\xampp\htdocs\yii\framework\web\CController.php:878
Stack trace:
#0 C:\xampp\htdocs\RRHH\protected\views\asistencia\update.php(21): CController->renderPartial('_form1', Array)
#1 C:\xampp\htdocs\yii\framework\web\CBaseController.php(126): require('C:\\xampp\\htdocs...')
#2 C:\xampp\htdocs\yii\framework\web\CBaseController.php(95): CBaseController->renderInternal('C:\\xampp\\htdocs...', Array, true)
#3 C:\xampp\htdocs\yii\framework\web\CController.php(869): CBaseController->renderFile('C:\\xampp\\htdocs...', Array, true)
#4 C:\xampp\htdocs\yii\framework\web\CController.php(782): CController->renderPartial('update', Array, true)
#5 C:\xampp\htdocs\RRHH\protected\controllers\AsistenciaController.php(104): CController->render('update', Array)
#6 [internal function]: AsistenciaController->actionUpdate('2')
#7 C:\xampp\htdocs\yii\framework\web\actions\CAction.php(108): ReflectionMethod->invokeArgs(Object(AsistenciaController), Array)
#8 C:\xampp\htdocs\yii\framework\web\actions\CInlineAction.php(47): CAction->runWithParamsInternal(Object(AsistenciaController), Object(ReflectionMethod), Array)
#9 C:\xampp\htdocs\yii\framework\web\CController.php(308): CInlineAction->runWithParams(Array)
#10 C:\xampp\htdocs\yii\framework\web\filters\CFilterChain.php(133): CController->runAction(Object(CInlineAction))
#11 C:\xampp\htdocs\yii\framework\web\filters\CFilter.php(40): CFilterChain->run()
#12 C:\xampp\htdocs\yii\framework\web\CController.php(1145): CFilter->filter(Object(CFilterChain))
#13 C:\xampp\htdocs\yii\framework\web\filters\CInlineFilter.php(58): CController->filterAccessControl(Object(CFilterChain))
#14 C:\xampp\htdocs\yii\framework\web\filters\CFilterChain.php(130): CInlineFilter->filter(Object(CFilterChain))
#15 C:\xampp\htdocs\yii\framework\web\CController.php(291): CFilterChain->run()
#16 C:\xampp\htdocs\yii\framework\web\CController.php(265): CController->runActionWithFilters(Object(CInlineAction), Array)
#17 C:\xampp\htdocs\yii\framework\web\CWebApplication.php(282): CController->run('update')
#18 C:\xampp\htdocs\yii\framework\web\CWebApplication.php(141): CWebApplication->runController('asistencia/upda...')
#19 C:\xampp\htdocs\yii\framework\base\CApplication.php(180): CWebApplication->processRequest()
#20 C:\xampp\htdocs\RRHH\index.php(13): CApplication->run()
#21 {main}
REQUEST_URI=/RRHH/asistencia/update/2
HTTP_REFERER=http://localhost/RRHH/asistencia/2
---
2014/11/24 07:16:48 [error] [exception.CException] exception 'CException' with message 'AsistenciaController cannot find the requested view "_form1".' in C:\xampp\htdocs\yii\framework\web\CController.php:878
Stack trace:
#0 C:\xampp\htdocs\RRHH\protected\views\asistencia\update.php(21): CController->renderPartial('_form1', Array)
#1 C:\xampp\htdocs\yii\framework\web\CBaseController.php(126): require('C:\\xampp\\htdocs...')
#2 C:\xampp\htdocs\yii\framework\web\CBaseController.php(95): CBaseController->renderInternal('C:\\xampp\\htdocs...', Array, true)
#3 C:\xampp\htdocs\yii\framework\web\CController.php(869): CBaseController->renderFile('C:\\xampp\\htdocs...', Array, true)
#4 C:\xampp\htdocs\yii\framework\web\CController.php(782): CController->renderPartial('update', Array, true)
#5 C:\xampp\htdocs\RRHH\protected\controllers\AsistenciaController.php(104): CController->render('update', Array)
#6 [internal function]: AsistenciaController->actionUpdate('2')
#7 C:\xampp\htdocs\yii\framework\web\actions\CAction.php(108): ReflectionMethod->invokeArgs(Object(AsistenciaController), Array)
#8 C:\xampp\htdocs\yii\framework\web\actions\CInlineAction.php(47): CAction->runWithParamsInternal(Object(AsistenciaController), Object(ReflectionMethod), Array)
#9 C:\xampp\htdocs\yii\framework\web\CController.php(308): CInlineAction->runWithParams(Array)
#10 C:\xampp\htdocs\yii\framework\web\filters\CFilterChain.php(133): CController->runAction(Object(CInlineAction))
#11 C:\xampp\htdocs\yii\framework\web\filters\CFilter.php(40): CFilterChain->run()
#12 C:\xampp\htdocs\yii\framework\web\CController.php(1145): CFilter->filter(Object(CFilterChain))
#13 C:\xampp\htdocs\yii\framework\web\filters\CInlineFilter.php(58): CController->filterAccessControl(Object(CFilterChain))
#14 C:\xampp\htdocs\yii\framework\web\filters\CFilterChain.php(130): CInlineFilter->filter(Object(CFilterChain))
#15 C:\xampp\htdocs\yii\framework\web\CController.php(291): CFilterChain->run()
#16 C:\xampp\htdocs\yii\framework\web\CController.php(265): CController->runActionWithFilters(Object(CInlineAction), Array)
#17 C:\xampp\htdocs\yii\framework\web\CWebApplication.php(282): CController->run('update')
#18 C:\xampp\htdocs\yii\framework\web\CWebApplication.php(141): CWebApplication->runController('asistencia/upda...')
#19 C:\xampp\htdocs\yii\framework\base\CApplication.php(180): CWebApplication->processRequest()
#20 C:\xampp\htdocs\RRHH\index.php(13): CApplication->run()
#21 {main}
REQUEST_URI=/RRHH/asistencia/update/2
HTTP_REFERER=http://localhost/RRHH/asistencia/2
---
2014/11/25 05:38:47 [error] [exception.CHttpException.404] exception 'CHttpException' with message 'The requested view "index" was not found.' in C:\xampp\htdocs\yii\framework\web\actions\CViewAction.php:112
Stack trace:
#0 C:\xampp\htdocs\yii\framework\web\actions\CViewAction.php(123): CViewAction->resolveView('index')
#1 C:\xampp\htdocs\yii\framework\web\actions\CAction.php(76): CViewAction->run()
#2 C:\xampp\htdocs\yii\framework\web\CController.php(308): CAction->runWithParams(Array)
#3 C:\xampp\htdocs\yii\framework\web\CController.php(286): CController->runAction(Object(CViewAction))
#4 C:\xampp\htdocs\yii\framework\web\CController.php(265): CController->runActionWithFilters(Object(CViewAction), Array)
#5 C:\xampp\htdocs\yii\framework\web\CWebApplication.php(282): CController->run('page')
#6 C:\xampp\htdocs\yii\framework\web\CWebApplication.php(141): CWebApplication->runController('site/page/about')
#7 C:\xampp\htdocs\yii\framework\base\CApplication.php(180): CWebApplication->processRequest()
#8 C:\xampp\htdocs\RRHH\index.php(13): CApplication->run()
#9 {main}
REQUEST_URI=/RRHH/site/page/about
HTTP_REFERER=http://localhost/RRHH/
---
2014/11/25 06:24:54 [error] [exception.CException] exception 'CException' with message 'The attribute must be specified in the format of "Name:Type:Label", where "Type" and "Label" are optional.' in C:\xampp\htdocs\yii\framework\zii\widgets\CDetailView.php:183
Stack trace:
#0 C:\xampp\htdocs\yii\framework\web\CBaseController.php(173): CDetailView->run()
#1 C:\xampp\htdocs\RRHH\protected\views\anticipo\view.php(31): CBaseController->widget('zii.widgets.CDe...', Array)
#2 C:\xampp\htdocs\yii\framework\web\CBaseController.php(126): require('C:\\xampp\\htdocs...')
#3 C:\xampp\htdocs\yii\framework\web\CBaseController.php(95): CBaseController->renderInternal('C:\\xampp\\htdocs...', Array, true)
#4 C:\xampp\htdocs\yii\framework\web\CController.php(869): CBaseController->renderFile('C:\\xampp\\htdocs...', Array, true)
#5 C:\xampp\htdocs\yii\framework\web\CController.php(782): CController->renderPartial('view', Array, true)
#6 C:\xampp\htdocs\RRHH\protected\controllers\AnticipoController.php(53): CController->render('view', Array)
#7 [internal function]: AnticipoController->actionView('5')
#8 C:\xampp\htdocs\yii\framework\web\actions\CAction.php(108): ReflectionMethod->invokeArgs(Object(AnticipoController), Array)
#9 C:\xampp\htdocs\yii\framework\web\actions\CInlineAction.php(47): CAction->runWithParamsInternal(Object(AnticipoController), Object(ReflectionMethod), Array)
#10 C:\xampp\htdocs\yii\framework\web\CController.php(308): CInlineAction->runWithParams(Array)
#11 C:\xampp\htdocs\yii\framework\web\filters\CFilterChain.php(133): CController->runAction(Object(CInlineAction))
#12 C:\xampp\htdocs\yii\framework\web\filters\CFilter.php(40): CFilterChain->run()
#13 C:\xampp\htdocs\yii\framework\web\CController.php(1145): CFilter->filter(Object(CFilterChain))
#14 C:\xampp\htdocs\yii\framework\web\filters\CInlineFilter.php(58): CController->filterAccessControl(Object(CFilterChain))
#15 C:\xampp\htdocs\yii\framework\web\filters\CFilterChain.php(130): CInlineFilter->filter(Object(CFilterChain))
#16 C:\xampp\htdocs\yii\framework\web\CController.php(291): CFilterChain->run()
#17 C:\xampp\htdocs\yii\framework\web\CController.php(265): CController->runActionWithFilters(Object(CInlineAction), Array)
#18 C:\xampp\htdocs\yii\framework\web\CWebApplication.php(282): CController->run('view')
#19 C:\xampp\htdocs\yii\framework\web\CWebApplication.php(141): CWebApplication->runController('anticipo/view')
#20 C:\xampp\htdocs\yii\framework\base\CApplication.php(180): CWebApplication->processRequest()
#21 C:\xampp\htdocs\RRHH\index.php(13): CApplication->run()
#22 {main}
REQUEST_URI=/RRHH/anticipo/5
HTTP_REFERER=http://localhost/RRHH/anticipo/index
---
2014/11/25 06:25:46 [error] [exception.CException] exception 'CException' with message 'The attribute must be specified in the format of "Name:Type:Label", where "Type" and "Label" are optional.' in C:\xampp\htdocs\yii\framework\zii\widgets\CDetailView.php:183
Stack trace:
#0 C:\xampp\htdocs\yii\framework\web\CBaseController.php(173): CDetailView->run()
#1 C:\xampp\htdocs\RRHH\protected\views\anticipo\view.php(31): CBaseController->widget('zii.widgets.CDe...', Array)
#2 C:\xampp\htdocs\yii\framework\web\CBaseController.php(126): require('C:\\xampp\\htdocs...')
#3 C:\xampp\htdocs\yii\framework\web\CBaseController.php(95): CBaseController->renderInternal('C:\\xampp\\htdocs...', Array, true)
#4 C:\xampp\htdocs\yii\framework\web\CController.php(869): CBaseController->renderFile('C:\\xampp\\htdocs...', Array, true)
#5 C:\xampp\htdocs\yii\framework\web\CController.php(782): CController->renderPartial('view', Array, true)
#6 C:\xampp\htdocs\RRHH\protected\controllers\AnticipoController.php(53): CController->render('view', Array)
#7 [internal function]: AnticipoController->actionView('5')
#8 C:\xampp\htdocs\yii\framework\web\actions\CAction.php(108): ReflectionMethod->invokeArgs(Object(AnticipoController), Array)
#9 C:\xampp\htdocs\yii\framework\web\actions\CInlineAction.php(47): CAction->runWithParamsInternal(Object(AnticipoController), Object(ReflectionMethod), Array)
#10 C:\xampp\htdocs\yii\framework\web\CController.php(308): CInlineAction->runWithParams(Array)
#11 C:\xampp\htdocs\yii\framework\web\filters\CFilterChain.php(133): CController->runAction(Object(CInlineAction))
#12 C:\xampp\htdocs\yii\framework\web\filters\CFilter.php(40): CFilterChain->run()
#13 C:\xampp\htdocs\yii\framework\web\CController.php(1145): CFilter->filter(Object(CFilterChain))
#14 C:\xampp\htdocs\yii\framework\web\filters\CInlineFilter.php(58): CController->filterAccessControl(Object(CFilterChain))
#15 C:\xampp\htdocs\yii\framework\web\filters\CFilterChain.php(130): CInlineFilter->filter(Object(CFilterChain))
#16 C:\xampp\htdocs\yii\framework\web\CController.php(291): CFilterChain->run()
#17 C:\xampp\htdocs\yii\framework\web\CController.php(265): CController->runActionWithFilters(Object(CInlineAction), Array)
#18 C:\xampp\htdocs\yii\framework\web\CWebApplication.php(282): CController->run('view')
#19 C:\xampp\htdocs\yii\framework\web\CWebApplication.php(141): CWebApplication->runController('anticipo/view')
#20 C:\xampp\htdocs\yii\framework\base\CApplication.php(180): CWebApplication->processRequest()
#21 C:\xampp\htdocs\RRHH\index.php(13): CApplication->run()
#22 {main}
REQUEST_URI=/RRHH/anticipo/5
HTTP_REFERER=http://localhost/RRHH/anticipo/index
---
2014/11/25 06:26:27 [error] [exception.CException] exception 'CException' with message 'The attribute must be specified in the format of "Name:Type:Label", where "Type" and "Label" are optional.' in C:\xampp\htdocs\yii\framework\zii\widgets\CDetailView.php:183
Stack trace:
#0 C:\xampp\htdocs\yii\framework\web\CBaseController.php(173): CDetailView->run()
#1 C:\xampp\htdocs\RRHH\protected\views\anticipo\view.php(31): CBaseController->widget('zii.widgets.CDe...', Array)
#2 C:\xampp\htdocs\yii\framework\web\CBaseController.php(126): require('C:\\xampp\\htdocs...')
#3 C:\xampp\htdocs\yii\framework\web\CBaseController.php(95): CBaseController->renderInternal('C:\\xampp\\htdocs...', Array, true)
#4 C:\xampp\htdocs\yii\framework\web\CController.php(869): CBaseController->renderFile('C:\\xampp\\htdocs...', Array, true)
#5 C:\xampp\htdocs\yii\framework\web\CController.php(782): CController->renderPartial('view', Array, true)
#6 C:\xampp\htdocs\RRHH\protected\controllers\AnticipoController.php(53): CController->render('view', Array)
#7 [internal function]: AnticipoController->actionView('5')
#8 C:\xampp\htdocs\yii\framework\web\actions\CAction.php(108): ReflectionMethod->invokeArgs(Object(AnticipoController), Array)
#9 C:\xampp\htdocs\yii\framework\web\actions\CInlineAction.php(47): CAction->runWithParamsInternal(Object(AnticipoController), Object(ReflectionMethod), Array)
#10 C:\xampp\htdocs\yii\framework\web\CController.php(308): CInlineAction->runWithParams(Array)
#11 C:\xampp\htdocs\yii\framework\web\filters\CFilterChain.php(133): CController->runAction(Object(CInlineAction))
#12 C:\xampp\htdocs\yii\framework\web\filters\CFilter.php(40): CFilterChain->run()
#13 C:\xampp\htdocs\yii\framework\web\CController.php(1145): CFilter->filter(Object(CFilterChain))
#14 C:\xampp\htdocs\yii\framework\web\filters\CInlineFilter.php(58): CController->filterAccessControl(Object(CFilterChain))
#15 C:\xampp\htdocs\yii\framework\web\filters\CFilterChain.php(130): CInlineFilter->filter(Object(CFilterChain))
#16 C:\xampp\htdocs\yii\framework\web\CController.php(291): CFilterChain->run()
#17 C:\xampp\htdocs\yii\framework\web\CController.php(265): CController->runActionWithFilters(Object(CInlineAction), Array)
#18 C:\xampp\htdocs\yii\framework\web\CWebApplication.php(282): CController->run('view')
#19 C:\xampp\htdocs\yii\framework\web\CWebApplication.php(141): CWebApplication->runController('anticipo/view')
#20 C:\xampp\htdocs\yii\framework\base\CApplication.php(180): CWebApplication->processRequest()
#21 C:\xampp\htdocs\RRHH\index.php(13): CApplication->run()
#22 {main}
REQUEST_URI=/RRHH/anticipo/5
HTTP_REFERER=http://localhost/RRHH/anticipo/index
---
2014/11/25 06:45:48 [error] [exception.CHttpException.404] exception 'CHttpException' with message 'The requested page does not exist.' in C:\xampp\htdocs\RRHH\protected\controllers\EmpleadoController.php:157
Stack trace:
#0 C:\xampp\htdocs\RRHH\protected\controllers\EmpleadoController.php(55): EmpleadoController->loadModel('0')
#1 [internal function]: EmpleadoController->actionView('0')
#2 C:\xampp\htdocs\yii\framework\web\actions\CAction.php(108): ReflectionMethod->invokeArgs(Object(EmpleadoController), Array)
#3 C:\xampp\htdocs\yii\framework\web\actions\CInlineAction.php(47): CAction->runWithParamsInternal(Object(EmpleadoController), Object(ReflectionMethod), Array)
#4 C:\xampp\htdocs\yii\framework\web\CController.php(308): CInlineAction->runWithParams(Array)
#5 C:\xampp\htdocs\yii\framework\web\filters\CFilterChain.php(133): CController->runAction(Object(CInlineAction))
#6 C:\xampp\htdocs\yii\framework\web\filters\CFilter.php(40): CFilterChain->run()
#7 C:\xampp\htdocs\yii\framework\web\CController.php(1145): CFilter->filter(Object(CFilterChain))
#8 C:\xampp\htdocs\yii\framework\web\filters\CInlineFilter.php(58): CController->filterAccessControl(Object(CFilterChain))
#9 C:\xampp\htdocs\yii\framework\web\filters\CFilterChain.php(130): CInlineFilter->filter(Object(CFilterChain))
#10 C:\xampp\htdocs\yii\framework\web\CController.php(291): CFilterChain->run()
#11 C:\xampp\htdocs\yii\framework\web\CController.php(265): CController->runActionWithFilters(Object(CInlineAction), Array)
#12 C:\xampp\htdocs\yii\framework\web\CWebApplication.php(282): CController->run('view')
#13 C:\xampp\htdocs\yii\framework\web\CWebApplication.php(141): CWebApplication->runController('empleado/view')
#14 C:\xampp\htdocs\yii\framework\base\CApplication.php(180): CWebApplication->processRequest()
#15 C:\xampp\htdocs\RRHH\index.php(13): CApplication->run()
#16 {main}
REQUEST_URI=/RRHH/empleado/0
HTTP_REFERER=http://localhost/RRHH/empleado/1
---
2014/11/25 06:45:53 [error] [exception.CHttpException.404] exception 'CHttpException' with message 'The requested page does not exist.' in C:\xampp\htdocs\RRHH\protected\controllers\EmpleadoController.php:157
Stack trace:
#0 C:\xampp\htdocs\RRHH\protected\controllers\EmpleadoController.php(55): EmpleadoController->loadModel('0')
#1 [internal function]: EmpleadoController->actionView('0')
#2 C:\xampp\htdocs\yii\framework\web\actions\CAction.php(108): ReflectionMethod->invokeArgs(Object(EmpleadoController), Array)
#3 C:\xampp\htdocs\yii\framework\web\actions\CInlineAction.php(47): CAction->runWithParamsInternal(Object(EmpleadoController), Object(ReflectionMethod), Array)
#4 C:\xampp\htdocs\yii\framework\web\CController.php(308): CInlineAction->runWithParams(Array)
#5 C:\xampp\htdocs\yii\framework\web\filters\CFilterChain.php(133): CController->runAction(Object(CInlineAction))
#6 C:\xampp\htdocs\yii\framework\web\filters\CFilter.php(40): CFilterChain->run()
#7 C:\xampp\htdocs\yii\framework\web\CController.php(1145): CFilter->filter(Object(CFilterChain))
#8 C:\xampp\htdocs\yii\framework\web\filters\CInlineFilter.php(58): CController->filterAccessControl(Object(CFilterChain))
#9 C:\xampp\htdocs\yii\framework\web\filters\CFilterChain.php(130): CInlineFilter->filter(Object(CFilterChain))
#10 C:\xampp\htdocs\yii\framework\web\CController.php(291): CFilterChain->run()
#11 C:\xampp\htdocs\yii\framework\web\CController.php(265): CController->runActionWithFilters(Object(CInlineAction), Array)
#12 C:\xampp\htdocs\yii\framework\web\CWebApplication.php(282): CController->run('view')
#13 C:\xampp\htdocs\yii\framework\web\CWebApplication.php(141): CWebApplication->runController('empleado/view')
#14 C:\xampp\htdocs\yii\framework\base\CApplication.php(180): CWebApplication->processRequest()
#15 C:\xampp\htdocs\RRHH\index.php(13): CApplication->run()
#16 {main}
REQUEST_URI=/RRHH/empleado/0
HTTP_REFERER=http://localhost/RRHH/empleado/1
---
2014/11/25 06:46:20 [error] [exception.CHttpException.404] exception 'CHttpException' with message 'The requested page does not exist.' in C:\xampp\htdocs\RRHH\protected\controllers\EmpleadoController.php:157
Stack trace:
#0 C:\xampp\htdocs\RRHH\protected\controllers\EmpleadoController.php(55): EmpleadoController->loadModel('3')
#1 [internal function]: EmpleadoController->actionView('3')
#2 C:\xampp\htdocs\yii\framework\web\actions\CAction.php(108): ReflectionMethod->invokeArgs(Object(EmpleadoController), Array)
#3 C:\xampp\htdocs\yii\framework\web\actions\CInlineAction.php(47): CAction->runWithParamsInternal(Object(EmpleadoController), Object(ReflectionMethod), Array)
#4 C:\xampp\htdocs\yii\framework\web\CController.php(308): CInlineAction->runWithParams(Array)
#5 C:\xampp\htdocs\yii\framework\web\filters\CFilterChain.php(133): CController->runAction(Object(CInlineAction))
#6 C:\xampp\htdocs\yii\framework\web\filters\CFilter.php(40): CFilterChain->run()
#7 C:\xampp\htdocs\yii\framework\web\CController.php(1145): CFilter->filter(Object(CFilterChain))
#8 C:\xampp\htdocs\yii\framework\web\filters\CInlineFilter.php(58): CController->filterAccessControl(Object(CFilterChain))
#9 C:\xampp\htdocs\yii\framework\web\filters\CFilterChain.php(130): CInlineFilter->filter(Object(CFilterChain))
#10 C:\xampp\htdocs\yii\framework\web\CController.php(291): CFilterChain->run()
#11 C:\xampp\htdocs\yii\framework\web\CController.php(265): CController->runActionWithFilters(Object(CInlineAction), Array)
#12 C:\xampp\htdocs\yii\framework\web\CWebApplication.php(282): CController->run('view')
#13 C:\xampp\htdocs\yii\framework\web\CWebApplication.php(141): CWebApplication->runController('empleado/view')
#14 C:\xampp\htdocs\yii\framework\base\CApplication.php(180): CWebApplication->processRequest()
#15 C:\xampp\htdocs\RRHH\index.php(13): CApplication->run()
#16 {main}
REQUEST_URI=/RRHH/empleado/3
HTTP_REFERER=http://localhost/RRHH/empleado/1
---
2014/11/25 07:12:56 [error] [exception.CHttpException.404] exception 'CHttpException' with message 'The requested page does not exist.' in C:\xampp\htdocs\RRHH\protected\controllers\EmpleadoController.php:157
Stack trace:
#0 C:\xampp\htdocs\RRHH\protected\controllers\EmpleadoController.php(55): EmpleadoController->loadModel('3')
#1 [internal function]: EmpleadoController->actionView('3')
#2 C:\xampp\htdocs\yii\framework\web\actions\CAction.php(108): ReflectionMethod->invokeArgs(Object(EmpleadoController), Array)
#3 C:\xampp\htdocs\yii\framework\web\actions\CInlineAction.php(47): CAction->runWithParamsInternal(Object(EmpleadoController), Object(ReflectionMethod), Array)
#4 C:\xampp\htdocs\yii\framework\web\CController.php(308): CInlineAction->runWithParams(Array)
#5 C:\xampp\htdocs\yii\framework\web\filters\CFilterChain.php(133): CController->runAction(Object(CInlineAction))
#6 C:\xampp\htdocs\yii\framework\web\filters\CFilter.php(40): CFilterChain->run()
#7 C:\xampp\htdocs\yii\framework\web\CController.php(1145): CFilter->filter(Object(CFilterChain))
#8 C:\xampp\htdocs\yii\framework\web\filters\CInlineFilter.php(58): CController->filterAccessControl(Object(CFilterChain))
#9 C:\xampp\htdocs\yii\framework\web\filters\CFilterChain.php(130): CInlineFilter->filter(Object(CFilterChain))
#10 C:\xampp\htdocs\yii\framework\web\CController.php(291): CFilterChain->run()
#11 C:\xampp\htdocs\yii\framework\web\CController.php(265): CController->runActionWithFilters(Object(CInlineAction), Array)
#12 C:\xampp\htdocs\yii\framework\web\CWebApplication.php(282): CController->run('view')
#13 C:\xampp\htdocs\yii\framework\web\CWebApplication.php(141): CWebApplication->runController('empleado/view')
#14 C:\xampp\htdocs\yii\framework\base\CApplication.php(180): CWebApplication->processRequest()
#15 C:\xampp\htdocs\RRHH\index.php(13): CApplication->run()
#16 {main}
REQUEST_URI=/RRHH/empleado/3
HTTP_REFERER=http://localhost/RRHH/empleado/1
---
2021/06/23 21:43:29 [error] [exception.CHttpException.404] CHttpException: Unable to resolve the request "bg.gif". in C:\xampp\htdocs\yii\framework\web\CWebApplication.php:286
Stack trace:
#0 C:\xampp\htdocs\yii\framework\web\CWebApplication.php(141): CWebApplication->runController('bg.gif')
#1 C:\xampp\htdocs\yii\framework\base\CApplication.php(180): CWebApplication->processRequest()
#2 C:\xampp\htdocs\RRHH\index.php(13): CApplication->run()
#3 {main}
REQUEST_URI=/RRHH/bg.gif
HTTP_REFERER=https://localhost/RRHH/
---
2021/06/23 21:43:32 [error] [exception.CHttpException.404] CHttpException: Unable to resolve the request "bg.gif". in C:\xampp\htdocs\yii\framework\web\CWebApplication.php:286
Stack trace:
#0 C:\xampp\htdocs\yii\framework\web\CWebApplication.php(141): CWebApplication->runController('bg.gif')
#1 C:\xampp\htdocs\yii\framework\base\CApplication.php(180): CWebApplication->processRequest()
#2 C:\xampp\htdocs\RRHH\index.php(13): CApplication->run()
#3 {main}
REQUEST_URI=/RRHH/bg.gif
HTTP_REFERER=https://localhost/RRHH/
---
2021/06/23 21:43:40 [error] [exception.CHttpException.404] CHttpException: Unable to resolve the request "bg.gif". in C:\xampp\htdocs\yii\framework\web\CWebApplication.php:286
Stack trace:
#0 C:\xampp\htdocs\yii\framework\web\CWebApplication.php(141): CWebApplication->runController('bg.gif')
#1 C:\xampp\htdocs\yii\framework\base\CApplication.php(180): CWebApplication->processRequest()
#2 C:\xampp\htdocs\RRHH\index.php(13): CApplication->run()
#3 {main}
REQUEST_URI=/RRHH/bg.gif
HTTP_REFERER=https://localhost/RRHH/
---
2021/06/23 21:43:43 [error] [exception.CHttpException.404] CHttpException: The system is unable to find the requested action "bg.gif". in C:\xampp\htdocs\yii\framework\web\CController.php:483
Stack trace:
#0 C:\xampp\htdocs\yii\framework\web\CController.php(270): CController->missingAction('bg.gif')
#1 C:\xampp\htdocs\yii\framework\web\CWebApplication.php(282): CController->run('bg.gif')
#2 C:\xampp\htdocs\yii\framework\web\CWebApplication.php(141): CWebApplication->runController('site/bg.gif')
#3 C:\xampp\htdocs\yii\framework\base\CApplication.php(180): CWebApplication->processRequest()
#4 C:\xampp\htdocs\RRHH\index.php(13): CApplication->run()
#5 {main}
REQUEST_URI=/RRHH/site/bg.gif
HTTP_REFERER=https://localhost/RRHH/site/login
---
2021/06/23 21:43:47 [error] [exception.CHttpException.404] CHttpException: The system is unable to find the requested action "bg.gif". in C:\xampp\htdocs\yii\framework\web\CController.php:483
Stack trace:
#0 C:\xampp\htdocs\yii\framework\web\CController.php(270): CController->missingAction('bg.gif')
#1 C:\xampp\htdocs\yii\framework\web\CWebApplication.php(282): CController->run('bg.gif')
#2 C:\xampp\htdocs\yii\framework\web\CWebApplication.php(141): CWebApplication->runController('site/bg.gif')
#3 C:\xampp\htdocs\yii\framework\base\CApplication.php(180): CWebApplication->processRequest()
#4 C:\xampp\htdocs\RRHH\index.php(13): CApplication->run()
#5 {main}
REQUEST_URI=/RRHH/site/bg.gif
HTTP_REFERER=https://localhost/RRHH/site/login
---
